2012-11-26 03:04:10 Error: [MissingControllerException] Controller class CakeController could not be found.
#0 D:\AppServ\www\365wzs\app\webroot\index.php(92): Dispatcher->dispatch(Object(CakeRequest), Object(CakeResponse))
#1 {main}
2012-11-26 03:04:13 Error: [MissingControllerException] Controller class CakeController could not be found.
#0 D:\AppServ\www\365wzs\app\webroot\index.php(92): Dispatcher->dispatch(Object(CakeRequest), Object(CakeResponse))
#1 {main}
2012-11-26 03:30:44 Error: [MissingViewException] View file "D:\AppServ\www\365wzs\app\View\Testing\index.ctp" is missing.
#0 D:\AppServ\www\365wzs\lib\Cake\View\View.php(473): View->_getViewFileName(NULL)
#1 D:\AppServ\www\365wzs\lib\Cake\Controller\Controller.php(956): View->render(NULL, NULL)
#2 D:\AppServ\www\365wzs\lib\Cake\Routing\Dispatcher.php(193): Controller->render()
#3 D:\AppServ\www\365wzs\lib\Cake\Routing\Dispatcher.php(161): Dispatcher->_invoke(Object(TestingController), Object(CakeRequest), Object(CakeResponse))
#4 D:\AppServ\www\365wzs\app\webroot\index.php(92): Dispatcher->dispatch(Object(CakeRequest), Object(CakeResponse))
#5 {main}
2012-11-26 03:31:34 Error: [MissingViewException] View file "D:\AppServ\www\365wzs\app\View\Testing\index.ctp" is missing.
#0 D:\AppServ\www\365wzs\lib\Cake\View\View.php(473): View->_getViewFileName(NULL)
#1 D:\AppServ\www\365wzs\lib\Cake\Controller\Controller.php(956): View->render(NULL, NULL)
#2 D:\AppServ\www\365wzs\lib\Cake\Routing\Dispatcher.php(193): Controller->render()
#3 D:\AppServ\www\365wzs\lib\Cake\Routing\Dispatcher.php(161): Dispatcher->_invoke(Object(TestingController), Object(CakeRequest), Object(CakeResponse))
#4 D:\AppServ\www\365wzs\app\webroot\index.php(92): Dispatcher->dispatch(Object(CakeRequest), Object(CakeResponse))
#5 {main}
2012-11-26 03:50:29 Error: [PDOException] SQLSTATE[42000]: Syntax error or access violation: 1064 You have an error in your SQL syntax; check the manual that corresponds to your MySQL server version for the right syntax to use near 'findAll' at line 1
#0 D:\AppServ\www\365wzs\lib\Cake\Model\Datasource\DboSource.php(459): PDOStatement->execute(Array)
#1 D:\AppServ\www\365wzs\lib\Cake\Model\Datasource\DboSource.php(425): DboSource->_execute('findAll', Array)
#2 D:\AppServ\www\365wzs\lib\Cake\Model\Datasource\DboSource.php(669): DboSource->execute('findAll', Array, Array)
#3 D:\AppServ\www\365wzs\lib\Cake\Model\Datasource\DboSource.php(611): DboSource->fetchAll('findAll', Array, Array)
#4 D:\AppServ\www\365wzs\lib\Cake\Model\Model.php(784): DboSource->query('findAll', Array, Object(Post))
#5 [internal function]: Model->__call('findAll', Array)
#6 D:\AppServ\www\365wzs\app\Controller\PostsController.php(6): Post->findAll()
#7 [internal function]: PostsController->index()
#8 D:\AppServ\www\365wzs\lib\Cake\Controller\Controller.php(485): ReflectionMethod->invokeArgs(Object(PostsController), Array)
#9 D:\AppServ\www\365wzs\lib\Cake\Routing\Dispatcher.php(186): Controller->invokeAction(Object(CakeRequest))
#10 D:\AppServ\www\365wzs\lib\Cake\Routing\Dispatcher.php(161): Dispatcher->_invoke(Object(PostsController), Object(CakeRequest), Object(CakeResponse))
#11 D:\AppServ\www\365wzs\app\webroot\index.php(92): Dispatcher->dispatch(Object(CakeRequest), Object(CakeResponse))
#12 {main}
2012-11-26 04:38:20 Error: [MissingViewException] View file "D:\AppServ\www\365wzs\app\View\Sites\index.ctp" is missing.
#0 D:\AppServ\www\365wzs\lib\Cake\View\View.php(473): View->_getViewFileName(NULL)
#1 D:\AppServ\www\365wzs\lib\Cake\Controller\Controller.php(956): View->render(NULL, NULL)
#2 D:\AppServ\www\365wzs\lib\Cake\Routing\Dispatcher.php(193): Controller->render()
#3 D:\AppServ\www\365wzs\lib\Cake\Routing\Dispatcher.php(161): Dispatcher->_invoke(Object(SiteController), Object(CakeRequest), Object(CakeResponse))
#4 D:\AppServ\www\365wzs\app\webroot\index.php(92): Dispatcher->dispatch(Object(CakeRequest), Object(CakeResponse))
#5 {main}
2012-11-26 04:39:24 Error: [MissingControllerException] Controller class SiteController could not be found.
#0 D:\AppServ\www\365wzs\app\webroot\index.php(92): Dispatcher->dispatch(Object(CakeRequest), Object(CakeResponse))
#1 {main}
2012-11-26 04:39:42 Error: [MissingViewException] View file "D:\AppServ\www\365wzs\app\View\Sites\index.ctp" is missing.
#0 D:\AppServ\www\365wzs\lib\Cake\View\View.php(473): View->_getViewFileName(NULL)
#1 D:\AppServ\www\365wzs\lib\Cake\Controller\Controller.php(956): View->render(NULL, NULL)
#2 D:\AppServ\www\365wzs\lib\Cake\Routing\Dispatcher.php(193): Controller->render()
#3 D:\AppServ\www\365wzs\lib\Cake\Routing\Dispatcher.php(161): Dispatcher->_invoke(Object(SitesController), Object(CakeRequest), Object(CakeResponse))
#4 D:\AppServ\www\365wzs\app\webroot\index.php(92): Dispatcher->dispatch(Object(CakeRequest), Object(CakeResponse))
#5 {main}
2012-11-26 04:39:48 Error: [MissingControllerException] Controller class PostController could not be found.
#0 D:\AppServ\www\365wzs\app\webroot\index.php(92): Dispatcher->dispatch(Object(CakeRequest), Object(CakeResponse))
#1 {main}
2012-11-26 04:40:07 Error: [MissingViewException] View file "D:\AppServ\www\365wzs\app\View\Sites\index.ctp" is missing.
#0 D:\AppServ\www\365wzs\lib\Cake\View\View.php(473): View->_getViewFileName(NULL)
#1 D:\AppServ\www\365wzs\lib\Cake\Controller\Controller.php(956): View->render(NULL, NULL)
#2 D:\AppServ\www\365wzs\lib\Cake\Routing\Dispatcher.php(193): Controller->render()
#3 D:\AppServ\www\365wzs\lib\Cake\Routing\Dispatcher.php(161): Dispatcher->_invoke(Object(SitesController), Object(CakeRequest), Object(CakeResponse))
#4 D:\AppServ\www\365wzs\app\webroot\index.php(92): Dispatcher->dispatch(Object(CakeRequest), Object(CakeResponse))
#5 {main}
2012-11-26 05:02:43 Error: [MissingViewException] View file "D:\AppServ\www\365wzs\app\View\Post\index.ctp" is missing.
#0 D:\AppServ\www\365wzs\lib\Cake\View\View.php(473): View->_getViewFileName(NULL)
#1 D:\AppServ\www\365wzs\lib\Cake\Controller\Controller.php(956): View->render(NULL, NULL)
#2 D:\AppServ\www\365wzs\lib\Cake\Routing\Dispatcher.php(193): Controller->render()
#3 D:\AppServ\www\365wzs\lib\Cake\Routing\Dispatcher.php(161): Dispatcher->_invoke(Object(PostsController), Object(CakeRequest), Object(CakeResponse))
#4 D:\AppServ\www\365wzs\app\webroot\index.php(92): Dispatcher->dispatch(Object(CakeRequest), Object(CakeResponse))
#5 {main}
2012-11-26 05:02:47 Error: [MissingControllerException] Controller class PostController could not be found.
#0 D:\AppServ\www\365wzs\app\webroot\index.php(92): Dispatcher->dispatch(Object(CakeRequest), Object(CakeResponse))
#1 {main}
2012-11-26 05:03:15 Error: [MissingControllerException] Controller class PostController could not be found.
#0 D:\AppServ\www\365wzs\app\webroot\index.php(92): Dispatcher->dispatch(Object(CakeRequest), Object(CakeResponse))
#1 {main}
2012-11-26 05:37:00 Error: [MissingTableException] Table 365wzs_posts for model Post was not found in datasource default.
#0 D:\AppServ\www\365wzs\lib\Cake\Model\Model.php(3179): Model->setSource('posts')
#1 D:\AppServ\www\365wzs\lib\Cake\Model\Model.php(2630): Model->getDataSource()
#2 D:\AppServ\www\365wzs\app\Controller\SitesController.php(7): Model->find('all')
#3 [internal function]: SitesController->index()
#4 D:\AppServ\www\365wzs\lib\Cake\Controller\Controller.php(485): ReflectionMethod->invokeArgs(Object(SitesController), Array)
#5 D:\AppServ\www\365wzs\lib\Cake\Routing\Dispatcher.php(186): Controller->invokeAction(Object(CakeRequest))
#6 D:\AppServ\www\365wzs\lib\Cake\Routing\Dispatcher.php(161): Dispatcher->_invoke(Object(SitesController), Object(CakeRequest), Object(CakeResponse))
#7 D:\AppServ\www\365wzs\app\webroot\index.php(92): Dispatcher->dispatch(Object(CakeRequest), Object(CakeResponse))
#8 {main}
2012-11-26 05:37:13 Error: [MissingTableException] Table 365wzs_posts for model Post was not found in datasource default.
#0 D:\AppServ\www\365wzs\lib\Cake\Model\Model.php(3179): Model->setSource('posts')
#1 D:\AppServ\www\365wzs\lib\Cake\Model\Model.php(2630): Model->getDataSource()
#2 D:\AppServ\www\365wzs\app\Controller\SitesController.php(7): Model->find('all')
#3 [internal function]: SitesController->index()
#4 D:\AppServ\www\365wzs\lib\Cake\Controller\Controller.php(485): ReflectionMethod->invokeArgs(Object(SitesController), Array)
#5 D:\AppServ\www\365wzs\lib\Cake\Routing\Dispatcher.php(186): Controller->invokeAction(Object(CakeRequest))
#6 D:\AppServ\www\365wzs\lib\Cake\Routing\Dispatcher.php(161): Dispatcher->_invoke(Object(SitesController), Object(CakeRequest), Object(CakeResponse))
#7 D:\AppServ\www\365wzs\app\webroot\index.php(92): Dispatcher->dispatch(Object(CakeRequest), Object(CakeResponse))
#8 {main}
2012-11-26 05:38:22 Error: [MissingTableException] Table 365wzsposts for model Post was not found in datasource default.
#0 D:\AppServ\www\365wzs\lib\Cake\Model\Model.php(3179): Model->setSource('posts')
#1 D:\AppServ\www\365wzs\lib\Cake\Model\Model.php(2630): Model->getDataSource()
#2 D:\AppServ\www\365wzs\app\Controller\SitesController.php(7): Model->find('all')
#3 [internal function]: SitesController->index()
#4 D:\AppServ\www\365wzs\lib\Cake\Controller\Controller.php(485): ReflectionMethod->invokeArgs(Object(SitesController), Array)
#5 D:\AppServ\www\365wzs\lib\Cake\Routing\Dispatcher.php(186): Controller->invokeAction(Object(CakeRequest))
#6 D:\AppServ\www\365wzs\lib\Cake\Routing\Dispatcher.php(161): Dispatcher->_invoke(Object(SitesController), Object(CakeRequest), Object(CakeResponse))
#7 D:\AppServ\www\365wzs\app\webroot\index.php(92): Dispatcher->dispatch(Object(CakeRequest), Object(CakeResponse))
#8 {main}
2012-11-26 05:38:32 Error: [MissingTableException] Table 365wzs_posts for model Post was not found in datasource default.
#0 D:\AppServ\www\365wzs\lib\Cake\Model\Model.php(3179): Model->setSource('posts')
#1 D:\AppServ\www\365wzs\lib\Cake\Model\Model.php(2630): Model->getDataSource()
#2 D:\AppServ\www\365wzs\app\Controller\SitesController.php(7): Model->find('all')
#3 [internal function]: SitesController->index()
#4 D:\AppServ\www\365wzs\lib\Cake\Controller\Controller.php(485): ReflectionMethod->invokeArgs(Object(SitesController), Array)
#5 D:\AppServ\www\365wzs\lib\Cake\Routing\Dispatcher.php(186): Controller->invokeAction(Object(CakeRequest))
#6 D:\AppServ\www\365wzs\lib\Cake\Routing\Dispatcher.php(161): Dispatcher->_invoke(Object(SitesController), Object(CakeRequest), Object(CakeResponse))
#7 D:\AppServ\www\365wzs\app\webroot\index.php(92): Dispatcher->dispatch(Object(CakeRequest), Object(CakeResponse))
#8 {main}
2012-11-26 06:05:53 Error: [MissingControllerException] Controller class SitesController could not be found.
#0 D:\AppServ\www\365wzs\app\webroot\index.php(92): Dispatcher->dispatch(Object(CakeRequest), Object(CakeResponse))
#1 {main}
2012-11-26 06:32:06 Error: [PDOException] SQLSTATE[42S02]: Base table or view not found: 1146 Table '365wzs.posts' doesn't exist
#0 D:\AppServ\www\365wzs\lib\Cake\Model\Datasource\DboSource.php(459): PDOStatement->execute(Array)
#1 D:\AppServ\www\365wzs\lib\Cake\Model\Datasource\DboSource.php(425): DboSource->_execute('select * from p...', Array)
#2 D:\AppServ\www\365wzs\lib\Cake\Model\Datasource\DboSource.php(669): DboSource->execute('select * from p...', Array, Array)
#3 D:\AppServ\www\365wzs\lib\Cake\Model\Datasource\DboSource.php(538): DboSource->fetchAll('select * from p...')
#4 [internal function]: DboSource->query('select * from p...')
#5 D:\AppServ\www\365wzs\lib\Cake\Model\Model.php(2996): call_user_func_array(Array, Array)
#6 D:\AppServ\www\365wzs\app\Controller\PostsController.php(7): Model->query('select * from p...')
#7 [internal function]: PostsController->index()
#8 D:\AppServ\www\365wzs\lib\Cake\Controller\Controller.php(485): ReflectionMethod->invokeArgs(Object(PostsController), Array)
#9 D:\AppServ\www\365wzs\lib\Cake\Routing\Dispatcher.php(186): Controller->invokeAction(Object(CakeRequest))
#10 D:\AppServ\www\365wzs\lib\Cake\Routing\Dispatcher.php(161): Dispatcher->_invoke(Object(PostsController), Object(CakeRequest), Object(CakeResponse))
#11 D:\AppServ\www\365wzs\app\webroot\index.php(92): Dispatcher->dispatch(Object(CakeRequest), Object(CakeResponse))
#12 {main}
2012-11-26 06:33:27 Error: [PDOException] SQLSTATE[42S02]: Base table or view not found: 1146 Table '365wzs.posts' doesn't exist
#0 D:\AppServ\www\365wzs\lib\Cake\Model\Datasource\DboSource.php(459): PDOStatement->execute(Array)
#1 D:\AppServ\www\365wzs\lib\Cake\Model\Datasource\DboSource.php(425): DboSource->_execute('select * from p...', Array)
#2 D:\AppServ\www\365wzs\lib\Cake\Model\Datasource\DboSource.php(669): DboSource->execute('select * from p...', Array, Array)
#3 D:\AppServ\www\365wzs\lib\Cake\Model\Datasource\DboSource.php(538): DboSource->fetchAll('select * from p...')
#4 [internal function]: DboSource->query('select * from p...')
#5 D:\AppServ\www\365wzs\lib\Cake\Model\Model.php(2996): call_user_func_array(Array, Array)
#6 D:\AppServ\www\365wzs\app\Controller\PostsController.php(7): Model->query('select * from p...')
#7 [internal function]: PostsController->index()
#8 D:\AppServ\www\365wzs\lib\Cake\Controller\Controller.php(485): ReflectionMethod->invokeArgs(Object(PostsController), Array)
#9 D:\AppServ\www\365wzs\lib\Cake\Routing\Dispatcher.php(186): Controller->invokeAction(Object(CakeRequest))
#10 D:\AppServ\www\365wzs\lib\Cake\Routing\Dispatcher.php(161): Dispatcher->_invoke(Object(PostsController), Object(CakeRequest), Object(CakeResponse))
#11 D:\AppServ\www\365wzs\app\webroot\index.php(92): Dispatcher->dispatch(Object(CakeRequest), Object(CakeResponse))
#12 {main}
2012-11-26 06:33:30 Error: [MissingTableException] Table 365wzsposts for model Post was not found in datasource default.
#0 D:\AppServ\www\365wzs\lib\Cake\Model\Model.php(3179): Model->setSource('posts')
#1 D:\AppServ\www\365wzs\lib\Cake\Model\Model.php(2995): Model->getDataSource()
#2 D:\AppServ\www\365wzs\app\Controller\PostsController.php(7): Model->query('select * from p...')
#3 [internal function]: PostsController->index()
#4 D:\AppServ\www\365wzs\lib\Cake\Controller\Controller.php(485): ReflectionMethod->invokeArgs(Object(PostsController), Array)
#5 D:\AppServ\www\365wzs\lib\Cake\Routing\Dispatcher.php(186): Controller->invokeAction(Object(CakeRequest))
#6 D:\AppServ\www\365wzs\lib\Cake\Routing\Dispatcher.php(161): Dispatcher->_invoke(Object(PostsController), Object(CakeRequest), Object(CakeResponse))
#7 D:\AppServ\www\365wzs\app\webroot\index.php(92): Dispatcher->dispatch(Object(CakeRequest), Object(CakeResponse))
#8 {main}
2012-11-26 06:33:37 Error: [PDOException] SQLSTATE[42S02]: Base table or view not found: 1146 Table '365wzs.posts' doesn't exist
#0 D:\AppServ\www\365wzs\lib\Cake\Model\Datasource\DboSource.php(459): PDOStatement->execute(Array)
#1 D:\AppServ\www\365wzs\lib\Cake\Model\Datasource\DboSource.php(425): DboSource->_execute('select * from p...', Array)
#2 D:\AppServ\www\365wzs\lib\Cake\Model\Datasource\DboSource.php(669): DboSource->execute('select * from p...', Array, Array)
#3 D:\AppServ\www\365wzs\lib\Cake\Model\Datasource\DboSource.php(538): DboSource->fetchAll('select * from p...')
#4 [internal function]: DboSource->query('select * from p...')
#5 D:\AppServ\www\365wzs\lib\Cake\Model\Model.php(2996): call_user_func_array(Array, Array)
#6 D:\AppServ\www\365wzs\app\Controller\PostsController.php(7): Model->query('select * from p...')
#7 [internal function]: PostsController->index()
#8 D:\AppServ\www\365wzs\lib\Cake\Controller\Controller.php(485): ReflectionMethod->invokeArgs(Object(PostsController), Array)
#9 D:\AppServ\www\365wzs\lib\Cake\Routing\Dispatcher.php(186): Controller->invokeAction(Object(CakeRequest))
#10 D:\AppServ\www\365wzs\lib\Cake\Routing\Dispatcher.php(161): Dispatcher->_invoke(Object(PostsController), Object(CakeRequest), Object(CakeResponse))
#11 D:\AppServ\www\365wzs\app\webroot\index.php(92): Dispatcher->dispatch(Object(CakeRequest), Object(CakeResponse))
#12 {main}
2012-11-26 06:37:03 Error: [MissingControllerException] Controller class SearchController could not be found.
#0 D:\AppServ\www\365wzs\app\webroot\index.php(92): Dispatcher->dispatch(Object(CakeRequest), Object(CakeResponse))
#1 {main}
2012-11-26 06:56:28 Error: [PDOException] SQLSTATE[23000]: Integrity constraint violation: 1048 Column 'title' cannot be null
#0 D:\AppServ\www\365wzs\lib\Cake\Model\Datasource\DboSource.php(459): PDOStatement->execute(Array)
#1 D:\AppServ\www\365wzs\lib\Cake\Model\Datasource\DboSource.php(425): DboSource->_execute('INSERT INTO `36...', Array)
#2 D:\AppServ\www\365wzs\lib\Cake\Model\Datasource\DboSource.php(1007): DboSource->execute('INSERT INTO `36...')
#3 D:\AppServ\www\365wzs\lib\Cake\Model\Model.php(1730): DboSource->create(Object(Post), Array, Array)
#4 D:\AppServ\www\365wzs\app\Controller\PostsController.php(16): Model->save(Array)
#5 [internal function]: PostsController->index()
#6 D:\AppServ\www\365wzs\lib\Cake\Controller\Controller.php(485): ReflectionMethod->invokeArgs(Object(PostsController), Array)
#7 D:\AppServ\www\365wzs\lib\Cake\Routing\Dispatcher.php(186): Controller->invokeAction(Object(CakeRequest))
#8 D:\AppServ\www\365wzs\lib\Cake\Routing\Dispatcher.php(161): Dispatcher->_invoke(Object(PostsController), Object(CakeRequest), Object(CakeResponse))
#9 D:\AppServ\www\365wzs\app\webroot\index.php(92): Dispatcher->dispatch(Object(CakeRequest), Object(CakeResponse))
#10 {main}
2012-11-27 22:44:02 Error: [MissingControllerException] Controller class PostController could not be found.
#0 /var/www/365wzs/app/webroot/index.php(92): Dispatcher->dispatch(Object(CakeRequest), Object(CakeResponse))
#1 {main}
2012-11-28 00:02:27 Error: [MissingActionException] Action TopController::index() could not be found.
#0 /var/www/365wzs/lib/Cake/Routing/Dispatcher.php(186): Controller->invokeAction(Object(CakeRequest))
#1 /var/www/365wzs/lib/Cake/Routing/Dispatcher.php(161): Dispatcher->_invoke(Object(TopController), Object(CakeRequest), Object(CakeResponse))
#2 /var/www/365wzs/app/webroot/index.php(92): Dispatcher->dispatch(Object(CakeRequest), Object(CakeResponse))
#3 {main}
2012-11-28 00:02:43 Error: Fatal Error (1): Call to undefined function curl_init() in [/var/www/365wzs/app/Vendor/TopApi/top/TopClient.php, line 41]
2012-11-28 00:02:43 Error: [FatalErrorException] Call to undefined function curl_init()
#0 /var/www/365wzs/lib/Cake/Error/ErrorHandler.php(161): ErrorHandler::handleFatalError(1, 'Call to undefin...', '/var/www/365wzs...', 41)
#1 [internal function]: ErrorHandler::handleError(1, 'Call to undefin...', '/var/www/365wzs...', 41, Array)
#2 /var/www/365wzs/lib/Cake/Core/App.php(926): call_user_func('ErrorHandler::h...', 1, 'Call to undefin...', '/var/www/365wzs...', 41, Array)
#3 /var/www/365wzs/lib/Cake/Core/App.php(899): App::_checkFatalError()
#4 [internal function]: App::shutdown()
#5 {main}
2012-11-28 00:04:11 Error: Fatal Error (1): Call to undefined function curl_init() in [/var/www/365wzs/app/Vendor/TopApi/top/TopClient.php, line 41]
2012-11-28 00:04:11 Error: [FatalErrorException] Call to undefined function curl_init()
#0 /var/www/365wzs/lib/Cake/Error/ErrorHandler.php(161): ErrorHandler::handleFatalError(1, 'Call to undefin...', '/var/www/365wzs...', 41)
#1 [internal function]: ErrorHandler::handleError(1, 'Call to undefin...', '/var/www/365wzs...', 41, Array)
#2 /var/www/365wzs/lib/Cake/Core/App.php(926): call_user_func('ErrorHandler::h...', 1, 'Call to undefin...', '/var/www/365wzs...', 41, Array)
#3 /var/www/365wzs/lib/Cake/Core/App.php(899): App::_checkFatalError()
#4 [internal function]: App::shutdown()
#5 {main}
2012-11-28 00:04:37 Error: Fatal Error (1): Call to undefined function curl_init() in [/var/www/365wzs/app/Vendor/TopApi/top/TopClient.php, line 41]
2012-11-28 00:04:37 Error: [FatalErrorException] Call to undefined function curl_init()
#0 /var/www/365wzs/lib/Cake/Error/ErrorHandler.php(161): ErrorHandler::handleFatalError(1, 'Call to undefin...', '/var/www/365wzs...', 41)
#1 [internal function]: ErrorHandler::handleError(1, 'Call to undefin...', '/var/www/365wzs...', 41, Array)
#2 /var/www/365wzs/lib/Cake/Core/App.php(926): call_user_func('ErrorHandler::h...', 1, 'Call to undefin...', '/var/www/365wzs...', 41, Array)
#3 /var/www/365wzs/lib/Cake/Core/App.php(899): App::_checkFatalError()
#4 [internal function]: App::shutdown()
#5 {main}
2012-11-28 00:26:22 Error: [MissingActionException] Action AdminController::index() could not be found.
#0 /var/www/365wzs/lib/Cake/Routing/Dispatcher.php(186): Controller->invokeAction(Object(CakeRequest))
#1 /var/www/365wzs/lib/Cake/Routing/Dispatcher.php(161): Dispatcher->_invoke(Object(AdminController), Object(CakeRequest), Object(CakeResponse))
#2 /var/www/365wzs/app/webroot/index.php(92): Dispatcher->dispatch(Object(CakeRequest), Object(CakeResponse))
#3 {main}
2012-11-28 10:56:08 Error: [MissingActionException] Action AdminController::index() could not be found.
#0 /var/www/365wzs/lib/Cake/Routing/Dispatcher.php(186): Controller->invokeAction(Object(CakeRequest))
#1 /var/www/365wzs/lib/Cake/Routing/Dispatcher.php(161): Dispatcher->_invoke(Object(AdminController), Object(CakeRequest), Object(CakeResponse))
#2 /var/www/365wzs/app/webroot/index.php(92): Dispatcher->dispatch(Object(CakeRequest), Object(CakeResponse))
#3 {main}
2012-11-28 11:00:54 Error: [NotFoundException] Invalid Admin
#0 /var/www/365wzs/lib/Cake/Controller/Scaffold.php(391): Scaffold->_scaffoldView(Object(CakeRequest))
#1 /var/www/365wzs/lib/Cake/Controller/Scaffold.php(151): Scaffold->_scaffold(Object(CakeRequest))
#2 /var/www/365wzs/lib/Cake/Controller/Controller.php(530): Scaffold->__construct(Object(AdminController), Object(CakeRequest))
#3 /var/www/365wzs/lib/Cake/Controller/Controller.php(489): Controller->_getScaffold(Object(CakeRequest))
#4 /var/www/365wzs/lib/Cake/Routing/Dispatcher.php(186): Controller->invokeAction(Object(CakeRequest))
#5 /var/www/365wzs/lib/Cake/Routing/Dispatcher.php(161): Dispatcher->_invoke(Object(AdminController), Object(CakeRequest), Object(CakeResponse))
#6 /var/www/365wzs/app/webroot/index.php(92): Dispatcher->dispatch(Object(CakeRequest), Object(CakeResponse))
#7 {main}
2012-11-28 11:33:22 Error: Fatal Error (4): syntax error, unexpected T_NEW in [/var/www/365wzs/app/Controller/AdminController.php, line 12]
2012-11-28 11:33:22 Error: [FatalErrorException] syntax error, unexpected T_NEW
#0 /var/www/365wzs/lib/Cake/Error/ErrorHandler.php(161): ErrorHandler::handleFatalError(4, 'syntax error, u...', '/var/www/365wzs...', 12)
#1 [internal function]: ErrorHandler::handleError(4, 'syntax error, u...', '/var/www/365wzs...', 12, Array)
#2 /var/www/365wzs/lib/Cake/Core/App.php(926): call_user_func('ErrorHandler::h...', 4, 'syntax error, u...', '/var/www/365wzs...', 12, Array)
#3 /var/www/365wzs/lib/Cake/Core/App.php(899): App::_checkFatalError()
#4 [internal function]: App::shutdown()
#5 {main}
2012-11-28 11:35:47 Error: Fatal Error (4): syntax error, unexpected T_STRING, expecting ';' or '{' in [/var/www/365wzs/app/Controller/AdminController.php, line 14]
2012-11-28 11:35:47 Error: [FatalErrorException] syntax error, unexpected T_STRING, expecting ';' or '{'
#0 /var/www/365wzs/lib/Cake/Error/ErrorHandler.php(161): ErrorHandler::handleFatalError(4, 'syntax error, u...', '/var/www/365wzs...', 14)
#1 [internal function]: ErrorHandler::handleError(4, 'syntax error, u...', '/var/www/365wzs...', 14, Array)
#2 /var/www/365wzs/lib/Cake/Core/App.php(926): call_user_func('ErrorHandler::h...', 4, 'syntax error, u...', '/var/www/365wzs...', 14, Array)
#3 /var/www/365wzs/lib/Cake/Core/App.php(899): App::_checkFatalError()
#4 [internal function]: App::shutdown()
#5 {main}
2012-11-28 11:35:48 Error: Fatal Error (4): syntax error, unexpected T_STRING, expecting ';' or '{' in [/var/www/365wzs/app/Controller/AdminController.php, line 14]
2012-11-28 11:35:48 Error: [FatalErrorException] syntax error, unexpected T_STRING, expecting ';' or '{'
#0 /var/www/365wzs/lib/Cake/Error/ErrorHandler.php(161): ErrorHandler::handleFatalError(4, 'syntax error, u...', '/var/www/365wzs...', 14)
#1 [internal function]: ErrorHandler::handleError(4, 'syntax error, u...', '/var/www/365wzs...', 14, Array)
#2 /var/www/365wzs/lib/Cake/Core/App.php(926): call_user_func('ErrorHandler::h...', 4, 'syntax error, u...', '/var/www/365wzs...', 14, Array)
#3 /var/www/365wzs/lib/Cake/Core/App.php(899): App::_checkFatalError()
#4 [internal function]: App::shutdown()
#5 {main}
2012-11-28 11:35:49 Error: Fatal Error (4): syntax error, unexpected T_STRING, expecting ';' or '{' in [/var/www/365wzs/app/Controller/AdminController.php, line 14]
2012-11-28 11:35:49 Error: [FatalErrorException] syntax error, unexpected T_STRING, expecting ';' or '{'
#0 /var/www/365wzs/lib/Cake/Error/ErrorHandler.php(161): ErrorHandler::handleFatalError(4, 'syntax error, u...', '/var/www/365wzs...', 14)
#1 [internal function]: ErrorHandler::handleError(4, 'syntax error, u...', '/var/www/365wzs...', 14, Array)
#2 /var/www/365wzs/lib/Cake/Core/App.php(926): call_user_func('ErrorHandler::h...', 4, 'syntax error, u...', '/var/www/365wzs...', 14, Array)
#3 /var/www/365wzs/lib/Cake/Core/App.php(899): App::_checkFatalError()
#4 [internal function]: App::shutdown()
#5 {main}
2012-11-28 11:35:49 Error: Fatal Error (4): syntax error, unexpected T_STRING, expecting ';' or '{' in [/var/www/365wzs/app/Controller/AdminController.php, line 14]
2012-11-28 11:35:49 Error: [FatalErrorException] syntax error, unexpected T_STRING, expecting ';' or '{'
#0 /var/www/365wzs/lib/Cake/Error/ErrorHandler.php(161): ErrorHandler::handleFatalError(4, 'syntax error, u...', '/var/www/365wzs...', 14)
#1 [internal function]: ErrorHandler::handleError(4, 'syntax error, u...', '/var/www/365wzs...', 14, Array)
#2 /var/www/365wzs/lib/Cake/Core/App.php(926): call_user_func('ErrorHandler::h...', 4, 'syntax error, u...', '/var/www/365wzs...', 14, Array)
#3 /var/www/365wzs/lib/Cake/Core/App.php(899): App::_checkFatalError()
#4 [internal function]: App::shutdown()
#5 {main}
2012-11-28 11:35:49 Error: Fatal Error (4): syntax error, unexpected T_STRING, expecting ';' or '{' in [/var/www/365wzs/app/Controller/AdminController.php, line 14]
2012-11-28 11:35:49 Error: [FatalErrorException] syntax error, unexpected T_STRING, expecting ';' or '{'
#0 /var/www/365wzs/lib/Cake/Error/ErrorHandler.php(161): ErrorHandler::handleFatalError(4, 'syntax error, u...', '/var/www/365wzs...', 14)
#1 [internal function]: ErrorHandler::handleError(4, 'syntax error, u...', '/var/www/365wzs...', 14, Array)
#2 /var/www/365wzs/lib/Cake/Core/App.php(926): call_user_func('ErrorHandler::h...', 4, 'syntax error, u...', '/var/www/365wzs...', 14, Array)
#3 /var/www/365wzs/lib/Cake/Core/App.php(899): App::_checkFatalError()
#4 [internal function]: App::shutdown()
#5 {main}
2012-11-28 11:35:49 Error: Fatal Error (4): syntax error, unexpected T_STRING, expecting ';' or '{' in [/var/www/365wzs/app/Controller/AdminController.php, line 14]
2012-11-28 11:35:49 Error: [FatalErrorException] syntax error, unexpected T_STRING, expecting ';' or '{'
#0 /var/www/365wzs/lib/Cake/Error/ErrorHandler.php(161): ErrorHandler::handleFatalError(4, 'syntax error, u...', '/var/www/365wzs...', 14)
#1 [internal function]: ErrorHandler::handleError(4, 'syntax error, u...', '/var/www/365wzs...', 14, Array)
#2 /var/www/365wzs/lib/Cake/Core/App.php(926): call_user_func('ErrorHandler::h...', 4, 'syntax error, u...', '/var/www/365wzs...', 14, Array)
#3 /var/www/365wzs/lib/Cake/Core/App.php(899): App::_checkFatalError()
#4 [internal function]: App::shutdown()
#5 {main}
2012-11-28 11:35:49 Error: Fatal Error (4): syntax error, unexpected T_STRING, expecting ';' or '{' in [/var/www/365wzs/app/Controller/AdminController.php, line 14]
2012-11-28 11:35:49 Error: [FatalErrorException] syntax error, unexpected T_STRING, expecting ';' or '{'
#0 /var/www/365wzs/lib/Cake/Error/ErrorHandler.php(161): ErrorHandler::handleFatalError(4, 'syntax error, u...', '/var/www/365wzs...', 14)
#1 [internal function]: ErrorHandler::handleError(4, 'syntax error, u...', '/var/www/365wzs...', 14, Array)
#2 /var/www/365wzs/lib/Cake/Core/App.php(926): call_user_func('ErrorHandler::h...', 4, 'syntax error, u...', '/var/www/365wzs...', 14, Array)
#3 /var/www/365wzs/lib/Cake/Core/App.php(899): App::_checkFatalError()
#4 [internal function]: App::shutdown()
#5 {main}
2012-11-28 11:35:49 Error: Fatal Error (4): syntax error, unexpected T_STRING, expecting ';' or '{' in [/var/www/365wzs/app/Controller/AdminController.php, line 14]
2012-11-28 11:35:49 Error: [FatalErrorException] syntax error, unexpected T_STRING, expecting ';' or '{'
#0 /var/www/365wzs/lib/Cake/Error/ErrorHandler.php(161): ErrorHandler::handleFatalError(4, 'syntax error, u...', '/var/www/365wzs...', 14)
#1 [internal function]: ErrorHandler::handleError(4, 'syntax error, u...', '/var/www/365wzs...', 14, Array)
#2 /var/www/365wzs/lib/Cake/Core/App.php(926): call_user_func('ErrorHandler::h...', 4, 'syntax error, u...', '/var/www/365wzs...', 14, Array)
#3 /var/www/365wzs/lib/Cake/Core/App.php(899): App::_checkFatalError()
#4 [internal function]: App::shutdown()
#5 {main}
2012-11-28 11:36:01 Error: Fatal Error (1): Call to a member function body() on a non-object in [/var/www/365wzs/lib/Cake/Controller/Controller.php, line 956]
2012-11-28 11:36:01 Error: [FatalErrorException] Call to a member function body() on a non-object
#0 /var/www/365wzs/lib/Cake/Error/ErrorHandler.php(161): ErrorHandler::handleFatalError(1, 'Call to a membe...', '/var/www/365wzs...', 956)
#1 [internal function]: ErrorHandler::handleError(1, 'Call to a membe...', '/var/www/365wzs...', 956, Array)
#2 /var/www/365wzs/lib/Cake/Core/App.php(926): call_user_func('ErrorHandler::h...', 1, 'Call to a membe...', '/var/www/365wzs...', 956, Array)
#3 /var/www/365wzs/lib/Cake/Core/App.php(899): App::_checkFatalError()
#4 [internal function]: App::shutdown()
#5 {main}
2012-11-28 11:36:20 Error: Fatal Error (64): Cannot redeclare class Lotus in [/var/www/365wzs/app/Vendor/TopApi/lotusphp_runtime/Lotus.php, line 3]
2012-11-28 11:36:20 Error: [FatalErrorException] Cannot redeclare class Lotus
#0 /var/www/365wzs/lib/Cake/Error/ErrorHandler.php(161): ErrorHandler::handleFatalError(64, 'Cannot redeclar...', '/var/www/365wzs...', 3)
#1 [internal function]: ErrorHandler::handleError(64, 'Cannot redeclar...', '/var/www/365wzs...', 3, Array)
#2 /var/www/365wzs/lib/Cake/Core/App.php(926): call_user_func('ErrorHandler::h...', 64, 'Cannot redeclar...', '/var/www/365wzs...', 3, Array)
#3 /var/www/365wzs/lib/Cake/Core/App.php(899): App::_checkFatalError()
#4 [internal function]: App::shutdown()
#5 {main}
2012-11-28 11:36:58 Error: [MissingViewException] View file "/var/www/365wzs/app/View/Admin/index.ctp" is missing.
#0 /var/www/365wzs/lib/Cake/View/View.php(473): View->_getViewFileName(NULL)
#1 /var/www/365wzs/lib/Cake/Controller/Controller.php(956): View->render(NULL, NULL)
#2 /var/www/365wzs/lib/Cake/Routing/Dispatcher.php(193): Controller->render()
#3 /var/www/365wzs/lib/Cake/Routing/Dispatcher.php(161): Dispatcher->_invoke(Object(AdminController), Object(CakeRequest), Object(CakeResponse))
#4 /var/www/365wzs/app/webroot/index.php(92): Dispatcher->dispatch(Object(CakeRequest), Object(CakeResponse))
#5 {main}
2012-11-28 11:36:59 Error: [MissingViewException] View file "/var/www/365wzs/app/View/Admin/index.ctp" is missing.
#0 /var/www/365wzs/lib/Cake/View/View.php(473): View->_getViewFileName(NULL)
#1 /var/www/365wzs/lib/Cake/Controller/Controller.php(956): View->render(NULL, NULL)
#2 /var/www/365wzs/lib/Cake/Routing/Dispatcher.php(193): Controller->render()
#3 /var/www/365wzs/lib/Cake/Routing/Dispatcher.php(161): Dispatcher->_invoke(Object(AdminController), Object(CakeRequest), Object(CakeResponse))
#4 /var/www/365wzs/app/webroot/index.php(92): Dispatcher->dispatch(Object(CakeRequest), Object(CakeResponse))
#5 {main}
2012-11-28 11:36:59 Error: [MissingViewException] View file "/var/www/365wzs/app/View/Admin/index.ctp" is missing.
#0 /var/www/365wzs/lib/Cake/View/View.php(473): View->_getViewFileName(NULL)
#1 /var/www/365wzs/lib/Cake/Controller/Controller.php(956): View->render(NULL, NULL)
#2 /var/www/365wzs/lib/Cake/Routing/Dispatcher.php(193): Controller->render()
#3 /var/www/365wzs/lib/Cake/Routing/Dispatcher.php(161): Dispatcher->_invoke(Object(AdminController), Object(CakeRequest), Object(CakeResponse))
#4 /var/www/365wzs/app/webroot/index.php(92): Dispatcher->dispatch(Object(CakeRequest), Object(CakeResponse))
#5 {main}
2012-11-28 11:36:59 Error: [MissingViewException] View file "/var/www/365wzs/app/View/Admin/index.ctp" is missing.
#0 /var/www/365wzs/lib/Cake/View/View.php(473): View->_getViewFileName(NULL)
#1 /var/www/365wzs/lib/Cake/Controller/Controller.php(956): View->render(NULL, NULL)
#2 /var/www/365wzs/lib/Cake/Routing/Dispatcher.php(193): Controller->render()
#3 /var/www/365wzs/lib/Cake/Routing/Dispatcher.php(161): Dispatcher->_invoke(Object(AdminController), Object(CakeRequest), Object(CakeResponse))
#4 /var/www/365wzs/app/webroot/index.php(92): Dispatcher->dispatch(Object(CakeRequest), Object(CakeResponse))
#5 {main}
2012-11-28 11:36:59 Error: [MissingViewException] View file "/var/www/365wzs/app/View/Admin/index.ctp" is missing.
#0 /var/www/365wzs/lib/Cake/View/View.php(473): View->_getViewFileName(NULL)
#1 /var/www/365wzs/lib/Cake/Controller/Controller.php(956): View->render(NULL, NULL)
#2 /var/www/365wzs/lib/Cake/Routing/Dispatcher.php(193): Controller->render()
#3 /var/www/365wzs/lib/Cake/Routing/Dispatcher.php(161): Dispatcher->_invoke(Object(AdminController), Object(CakeRequest), Object(CakeResponse))
#4 /var/www/365wzs/app/webroot/index.php(92): Dispatcher->dispatch(Object(CakeRequest), Object(CakeResponse))
#5 {main}
2012-11-28 11:46:59 Error: Fatal Error (4): syntax error, unexpected ')' in [/var/www/365wzs/app/View/Admin/index.ctp, line 13]
2012-11-28 11:46:59 Error: [FatalErrorException] syntax error, unexpected ')'
#0 /var/www/365wzs/lib/Cake/Error/ErrorHandler.php(161): ErrorHandler::handleFatalError(4, 'syntax error, u...', '/var/www/365wzs...', 13)
#1 [internal function]: ErrorHandler::handleError(4, 'syntax error, u...', '/var/www/365wzs...', 13, Array)
#2 /var/www/365wzs/lib/Cake/Core/App.php(926): call_user_func('ErrorHandler::h...', 4, 'syntax error, u...', '/var/www/365wzs...', 13, Array)
#3 /var/www/365wzs/lib/Cake/Core/App.php(899): App::_checkFatalError()
#4 [internal function]: App::shutdown()
#5 {main}
2012-11-28 13:19:48 Error: Fatal Error (4): syntax error, unexpected $end in [/var/www/365wzs/app/View/Admin/index.ctp, line 35]
2012-11-28 13:19:48 Error: [FatalErrorException] syntax error, unexpected $end
#0 /var/www/365wzs/lib/Cake/Error/ErrorHandler.php(161): ErrorHandler::handleFatalError(4, 'syntax error, u...', '/var/www/365wzs...', 35)
#1 [internal function]: ErrorHandler::handleError(4, 'syntax error, u...', '/var/www/365wzs...', 35, Array)
#2 /var/www/365wzs/lib/Cake/Core/App.php(926): call_user_func('ErrorHandler::h...', 4, 'syntax error, u...', '/var/www/365wzs...', 35, Array)
#3 /var/www/365wzs/lib/Cake/Core/App.php(899): App::_checkFatalError()
#4 [internal function]: App::shutdown()
#5 {main}
2012-11-28 13:23:18 Error: Fatal Error (4): syntax error, unexpected '[', expecting ',' or ';' in [/var/www/365wzs/app/View/Admin/index.ctp, line 10]
2012-11-28 13:23:18 Error: [FatalErrorException] syntax error, unexpected '[', expecting ',' or ';'
#0 /var/www/365wzs/lib/Cake/Error/ErrorHandler.php(161): ErrorHandler::handleFatalError(4, 'syntax error, u...', '/var/www/365wzs...', 10)
#1 [internal function]: ErrorHandler::handleError(4, 'syntax error, u...', '/var/www/365wzs...', 10, Array)
#2 /var/www/365wzs/lib/Cake/Core/App.php(926): call_user_func('ErrorHandler::h...', 4, 'syntax error, u...', '/var/www/365wzs...', 10, Array)
#3 /var/www/365wzs/lib/Cake/Core/App.php(899): App::_checkFatalError()
#4 [internal function]: App::shutdown()
#5 {main}
2012-11-28 13:23:30 Error: Fatal Error (4): syntax error, unexpected '[', expecting ',' or ';' in [/var/www/365wzs/app/View/Admin/index.ctp, line 10]
2012-11-28 13:23:30 Error: [FatalErrorException] syntax error, unexpected '[', expecting ',' or ';'
#0 /var/www/365wzs/lib/Cake/Error/ErrorHandler.php(161): ErrorHandler::handleFatalError(4, 'syntax error, u...', '/var/www/365wzs...', 10)
#1 [internal function]: ErrorHandler::handleError(4, 'syntax error, u...', '/var/www/365wzs...', 10, Array)
#2 /var/www/365wzs/lib/Cake/Core/App.php(926): call_user_func('ErrorHandler::h...', 4, 'syntax error, u...', '/var/www/365wzs...', 10, Array)
#3 /var/www/365wzs/lib/Cake/Core/App.php(899): App::_checkFatalError()
#4 [internal function]: App::shutdown()
#5 {main}
2012-11-28 13:28:15 Error: Fatal Error (4): syntax error, unexpected ';' in [/var/www/365wzs/app/View/Admin/index.ctp, line 10]
2012-11-28 13:28:15 Error: [FatalErrorException] syntax error, unexpected ';'
#0 /var/www/365wzs/lib/Cake/Error/ErrorHandler.php(161): ErrorHandler::handleFatalError(4, 'syntax error, u...', '/var/www/365wzs...', 10)
#1 [internal function]: ErrorHandler::handleError(4, 'syntax error, u...', '/var/www/365wzs...', 10, Array)
#2 /var/www/365wzs/lib/Cake/Core/App.php(926): call_user_func('ErrorHandler::h...', 4, 'syntax error, u...', '/var/www/365wzs...', 10, Array)
#3 /var/www/365wzs/lib/Cake/Core/App.php(899): App::_checkFatalError()
#4 [internal function]: App::shutdown()
#5 {main}
2012-11-28 13:37:51 Error: Fatal Error (4): syntax error, unexpected '[', expecting T_VARIABLE or '$' in [/var/www/365wzs/app/Controller/AdminController.php, line 20]
2012-11-28 13:37:51 Error: [FatalErrorException] syntax error, unexpected '[', expecting T_VARIABLE or '$'
#0 /var/www/365wzs/lib/Cake/Error/ErrorHandler.php(161): ErrorHandler::handleFatalError(4, 'syntax error, u...', '/var/www/365wzs...', 20)
#1 [internal function]: ErrorHandler::handleError(4, 'syntax error, u...', '/var/www/365wzs...', 20, Array)
#2 /var/www/365wzs/lib/Cake/Core/App.php(926): call_user_func('ErrorHandler::h...', 4, 'syntax error, u...', '/var/www/365wzs...', 20, Array)
#3 /var/www/365wzs/lib/Cake/Core/App.php(899): App::_checkFatalError()
#4 [internal function]: App::shutdown()
#5 {main}
2012-11-28 21:36:34 Error: Fatal Error (4): syntax error, unexpected ')', expecting ']' in [/var/www/365wzs/app/View/Admin/index.ctp, line 41]
2012-11-28 21:36:34 Error: [FatalErrorException] syntax error, unexpected ')', expecting ']'
#0 /var/www/365wzs/lib/Cake/Error/ErrorHandler.php(161): ErrorHandler::handleFatalError(4, 'syntax error, u...', '/var/www/365wzs...', 41)
#1 [internal function]: ErrorHandler::handleError(4, 'syntax error, u...', '/var/www/365wzs...', 41, Array)
#2 /var/www/365wzs/lib/Cake/Core/App.php(926): call_user_func('ErrorHandler::h...', 4, 'syntax error, u...', '/var/www/365wzs...', 41, Array)
#3 /var/www/365wzs/lib/Cake/Core/App.php(899): App::_checkFatalError()
#4 [internal function]: App::shutdown()
#5 {main}
2012-11-28 21:52:47 Error: Fatal Error (4): syntax error, unexpected ')' in [/var/www/365wzs/app/Controller/AdminController.php, line 24]
2012-11-28 21:52:47 Error: [FatalErrorException] syntax error, unexpected ')'
#0 /var/www/365wzs/lib/Cake/Error/ErrorHandler.php(161): ErrorHandler::handleFatalError(4, 'syntax error, u...', '/var/www/365wzs...', 24)
#1 [internal function]: ErrorHandler::handleError(4, 'syntax error, u...', '/var/www/365wzs...', 24, Array)
#2 /var/www/365wzs/lib/Cake/Core/App.php(926): call_user_func('ErrorHandler::h...', 4, 'syntax error, u...', '/var/www/365wzs...', 24, Array)
#3 /var/www/365wzs/lib/Cake/Core/App.php(899): App::_checkFatalError()
#4 [internal function]: App::shutdown()
#5 {main}
2012-11-28 22:56:46 Error: [MissingControllerException] Controller class CategoryController could not be found.
#0 /var/www/365wzs/app/webroot/index.php(92): Dispatcher->dispatch(Object(CakeRequest), Object(CakeResponse))
#1 {main}
2012-11-28 23:01:52 Error: [MissingViewException] View file "/var/www/365wzs/app/View/Admin/addcat.ctp" is missing.
#0 /var/www/365wzs/lib/Cake/View/View.php(473): View->_getViewFileName(NULL)
#1 /var/www/365wzs/lib/Cake/Controller/Controller.php(956): View->render(NULL, NULL)
#2 /var/www/365wzs/lib/Cake/Routing/Dispatcher.php(193): Controller->render()
#3 /var/www/365wzs/lib/Cake/Routing/Dispatcher.php(161): Dispatcher->_invoke(Object(AdminController), Object(CakeRequest), Object(CakeResponse))
#4 /var/www/365wzs/app/webroot/index.php(92): Dispatcher->dispatch(Object(CakeRequest), Object(CakeResponse))
#5 {main}
2012-11-28 23:03:50 Error: [PDOException] SQLSTATE[23000]: Integrity constraint violation: 1062 Duplicate entry '0' for key 'PRIMARY'
#0 /var/www/365wzs/lib/Cake/Model/Datasource/DboSource.php(459): PDOStatement->execute(Array)
#1 /var/www/365wzs/lib/Cake/Model/Datasource/DboSource.php(425): DboSource->_execute('INSERT INTO `36...', Array)
#2 /var/www/365wzs/lib/Cake/Model/Datasource/DboSource.php(1007): DboSource->execute('INSERT INTO `36...')
#3 /var/www/365wzs/lib/Cake/Model/Model.php(1730): DboSource->create(Object(Content), Array, Array)
#4 /var/www/365wzs/app/Controller/AdminController.php(55): Model->save(Array)
#5 [internal function]: AdminController->addcat('1', '12')
#6 /var/www/365wzs/lib/Cake/Controller/Controller.php(485): ReflectionMethod->invokeArgs(Object(AdminController), Array)
#7 /var/www/365wzs/lib/Cake/Routing/Dispatcher.php(186): Controller->invokeAction(Object(CakeRequest))
#8 /var/www/365wzs/lib/Cake/Routing/Dispatcher.php(161): Dispatcher->_invoke(Object(AdminController), Object(CakeRequest), Object(CakeResponse))
#9 /var/www/365wzs/app/webroot/index.php(92): Dispatcher->dispatch(Object(CakeRequest), Object(CakeResponse))
#10 {main}
2012-11-28 23:06:32 Error: Fatal Error (4): syntax error, unexpected T_CONSTANT_ENCAPSED_STRING, expecting ',' or ';' in [/var/www/365wzs/app/View/Admin/category.ctp, line 22]
2012-11-28 23:06:32 Error: [FatalErrorException] syntax error, unexpected T_CONSTANT_ENCAPSED_STRING, expecting ',' or ';'
#0 /var/www/365wzs/lib/Cake/Error/ErrorHandler.php(161): ErrorHandler::handleFatalError(4, 'syntax error, u...', '/var/www/365wzs...', 22)
#1 [internal function]: ErrorHandler::handleError(4, 'syntax error, u...', '/var/www/365wzs...', 22, Array)
#2 /var/www/365wzs/lib/Cake/Core/App.php(926): call_user_func('ErrorHandler::h...', 4, 'syntax error, u...', '/var/www/365wzs...', 22, Array)
#3 /var/www/365wzs/lib/Cake/Core/App.php(899): App::_checkFatalError()
#4 [internal function]: App::shutdown()
#5 {main}
2012-11-28 23:06:34 Error: Fatal Error (4): syntax error, unexpected T_CONSTANT_ENCAPSED_STRING, expecting ',' or ';' in [/var/www/365wzs/app/View/Admin/category.ctp, line 22]
2012-11-28 23:06:34 Error: [FatalErrorException] syntax error, unexpected T_CONSTANT_ENCAPSED_STRING, expecting ',' or ';'
#0 /var/www/365wzs/lib/Cake/Error/ErrorHandler.php(161): ErrorHandler::handleFatalError(4, 'syntax error, u...', '/var/www/365wzs...', 22)
#1 [internal function]: ErrorHandler::handleError(4, 'syntax error, u...', '/var/www/365wzs...', 22, Array)
#2 /var/www/365wzs/lib/Cake/Core/App.php(926): call_user_func('ErrorHandler::h...', 4, 'syntax error, u...', '/var/www/365wzs...', 22, Array)
#3 /var/www/365wzs/lib/Cake/Core/App.php(899): App::_checkFatalError()
#4 [internal function]: App::shutdown()
#5 {main}
2012-11-28 23:06:55 Error: [MissingHelperException] Helper class cidHelper could not be found.
#0 /var/www/365wzs/lib/Cake/View/HelperCollection.php(62): HelperCollection->load('cid')
#1 /var/www/365wzs/lib/Cake/View/View.php(813): HelperCollection->__isset('cid')
#2 /var/www/365wzs/app/View/Admin/category.ctp(22): View->__get('cid')
#3 /var/www/365wzs/lib/Cake/View/View.php(921): include('/var/www/365wzs...')
#4 /var/www/365wzs/lib/Cake/View/View.php(884): View->_evaluate('/var/www/365wzs...', Array)
#5 /var/www/365wzs/lib/Cake/View/View.php(476): View->_render('/var/www/365wzs...')
#6 /var/www/365wzs/lib/Cake/Controller/Controller.php(956): View->render(NULL, NULL)
#7 /var/www/365wzs/lib/Cake/Routing/Dispatcher.php(193): Controller->render()
#8 /var/www/365wzs/lib/Cake/Routing/Dispatcher.php(161): Dispatcher->_invoke(Object(AdminController), Object(CakeRequest), Object(CakeResponse))
#9 /var/www/365wzs/app/webroot/index.php(92): Dispatcher->dispatch(Object(CakeRequest), Object(CakeResponse))
#10 {main}
2012-11-29 08:47:30 Error: Fatal Error (4): syntax error, unexpected T_STRING, expecting ',' or ';' in [/var/www/365wzs/app/View/Admin/category.ctp, line 17]
2012-11-29 08:47:30 Error: [FatalErrorException] syntax error, unexpected T_STRING, expecting ',' or ';'
#0 /var/www/365wzs/lib/Cake/Error/ErrorHandler.php(161): ErrorHandler::handleFatalError(4, 'syntax error, u...', '/var/www/365wzs...', 17)
#1 [internal function]: ErrorHandler::handleError(4, 'syntax error, u...', '/var/www/365wzs...', 17, Array)
#2 /var/www/365wzs/lib/Cake/Core/App.php(926): call_user_func('ErrorHandler::h...', 4, 'syntax error, u...', '/var/www/365wzs...', 17, Array)
#3 /var/www/365wzs/lib/Cake/Core/App.php(899): App::_checkFatalError()
#4 [internal function]: App::shutdown()
#5 {main}
2012-11-29 08:52:19 Error: [PDOException] SQLSTATE[23000]: Integrity constraint violation: 1048 Column 'name' cannot be null
#0 /var/www/365wzs/lib/Cake/Model/Datasource/DboSource.php(459): PDOStatement->execute(Array)
#1 /var/www/365wzs/lib/Cake/Model/Datasource/DboSource.php(425): DboSource->_execute('INSERT INTO `36...', Array)
#2 /var/www/365wzs/lib/Cake/Model/Datasource/DboSource.php(1007): DboSource->execute('INSERT INTO `36...')
#3 /var/www/365wzs/lib/Cake/Model/Model.php(1730): DboSource->create(Object(Content), Array, Array)
#4 /var/www/365wzs/app/Controller/AdminController.php(54): Model->save(Array)
#5 [internal function]: AdminController->category('26')
#6 /var/www/365wzs/lib/Cake/Controller/Controller.php(485): ReflectionMethod->invokeArgs(Object(AdminController), Array)
#7 /var/www/365wzs/lib/Cake/Routing/Dispatcher.php(186): Controller->invokeAction(Object(CakeRequest))
#8 /var/www/365wzs/lib/Cake/Routing/Dispatcher.php(161): Dispatcher->_invoke(Object(AdminController), Object(CakeRequest), Object(CakeResponse))
#9 /var/www/365wzs/app/webroot/index.php(92): Dispatcher->dispatch(Object(CakeRequest), Object(CakeResponse))
#10 {main}
2012-11-29 09:01:19 Error: Fatal Error (4): syntax error, unexpected ';' in [/var/www/365wzs/app/Controller/AdminController.php, line 47]
2012-11-29 09:01:19 Error: [FatalErrorException] syntax error, unexpected ';'
#0 /var/www/365wzs/lib/Cake/Error/ErrorHandler.php(161): ErrorHandler::handleFatalError(4, 'syntax error, u...', '/var/www/365wzs...', 47)
#1 [internal function]: ErrorHandler::handleError(4, 'syntax error, u...', '/var/www/365wzs...', 47, Array)
#2 /var/www/365wzs/lib/Cake/Core/App.php(926): call_user_func('ErrorHandler::h...', 4, 'syntax error, u...', '/var/www/365wzs...', 47, Array)
#3 /var/www/365wzs/lib/Cake/Core/App.php(899): App::_checkFatalError()
#4 [internal function]: App::shutdown()
#5 {main}
2012-11-29 09:01:33 Error: Fatal Error (4): syntax error, unexpected ';' in [/var/www/365wzs/app/Controller/AdminController.php, line 47]
2012-11-29 09:01:33 Error: [FatalErrorException] syntax error, unexpected ';'
#0 /var/www/365wzs/lib/Cake/Error/ErrorHandler.php(161): ErrorHandler::handleFatalError(4, 'syntax error, u...', '/var/www/365wzs...', 47)
#1 [internal function]: ErrorHandler::handleError(4, 'syntax error, u...', '/var/www/365wzs...', 47, Array)
#2 /var/www/365wzs/lib/Cake/Core/App.php(926): call_user_func('ErrorHandler::h...', 4, 'syntax error, u...', '/var/www/365wzs...', 47, Array)
#3 /var/www/365wzs/lib/Cake/Core/App.php(899): App::_checkFatalError()
#4 [internal function]: App::shutdown()
#5 {main}
2012-11-29 09:01:34 Error: Fatal Error (4): syntax error, unexpected ';' in [/var/www/365wzs/app/Controller/AdminController.php, line 47]
2012-11-29 09:01:34 Error: [FatalErrorException] syntax error, unexpected ';'
#0 /var/www/365wzs/lib/Cake/Error/ErrorHandler.php(161): ErrorHandler::handleFatalError(4, 'syntax error, u...', '/var/www/365wzs...', 47)
#1 [internal function]: ErrorHandler::handleError(4, 'syntax error, u...', '/var/www/365wzs...', 47, Array)
#2 /var/www/365wzs/lib/Cake/Core/App.php(926): call_user_func('ErrorHandler::h...', 4, 'syntax error, u...', '/var/www/365wzs...', 47, Array)
#3 /var/www/365wzs/lib/Cake/Core/App.php(899): App::_checkFatalError()
#4 [internal function]: App::shutdown()
#5 {main}
2012-11-29 09:01:53 Error: Fatal Error (4): syntax error, unexpected ')' in [/var/www/365wzs/app/Controller/AdminController.php, line 78]
2012-11-29 09:01:53 Error: [FatalErrorException] syntax error, unexpected ')'
#0 /var/www/365wzs/lib/Cake/Error/ErrorHandler.php(161): ErrorHandler::handleFatalError(4, 'syntax error, u...', '/var/www/365wzs...', 78)
#1 [internal function]: ErrorHandler::handleError(4, 'syntax error, u...', '/var/www/365wzs...', 78, Array)
#2 /var/www/365wzs/lib/Cake/Core/App.php(926): call_user_func('ErrorHandler::h...', 4, 'syntax error, u...', '/var/www/365wzs...', 78, Array)
#3 /var/www/365wzs/lib/Cake/Core/App.php(899): App::_checkFatalError()
#4 [internal function]: App::shutdown()
#5 {main}
2012-11-29 09:01:55 Error: Fatal Error (4): syntax error, unexpected ')' in [/var/www/365wzs/app/Controller/AdminController.php, line 78]
2012-11-29 09:01:55 Error: [FatalErrorException] syntax error, unexpected ')'
#0 /var/www/365wzs/lib/Cake/Error/ErrorHandler.php(161): ErrorHandler::handleFatalError(4, 'syntax error, u...', '/var/www/365wzs...', 78)
#1 [internal function]: ErrorHandler::handleError(4, 'syntax error, u...', '/var/www/365wzs...', 78, Array)
#2 /var/www/365wzs/lib/Cake/Core/App.php(926): call_user_func('ErrorHandler::h...', 4, 'syntax error, u...', '/var/www/365wzs...', 78, Array)
#3 /var/www/365wzs/lib/Cake/Core/App.php(899): App::_checkFatalError()
#4 [internal function]: App::shutdown()
#5 {main}
2012-11-29 09:06:47 Error: Fatal Error (4): syntax error, unexpected $end in [/var/www/365wzs/app/View/Admin/mancon.ctp, line 32]
2012-11-29 09:06:47 Error: [FatalErrorException] syntax error, unexpected $end
#0 /var/www/365wzs/lib/Cake/Error/ErrorHandler.php(161): ErrorHandler::handleFatalError(4, 'syntax error, u...', '/var/www/365wzs...', 32)
#1 [internal function]: ErrorHandler::handleError(4, 'syntax error, u...', '/var/www/365wzs...', 32, Array)
#2 /var/www/365wzs/lib/Cake/Core/App.php(926): call_user_func('ErrorHandler::h...', 4, 'syntax error, u...', '/var/www/365wzs...', 32, Array)
#3 /var/www/365wzs/lib/Cake/Core/App.php(899): App::_checkFatalError()
#4 [internal function]: App::shutdown()
#5 {main}
2012-11-29 09:11:13 Error: [MissingActionException] Action AdminController::delcon() could not be found.
#0 /var/www/365wzs/lib/Cake/Routing/Dispatcher.php(186): Controller->invokeAction(Object(CakeRequest))
#1 /var/www/365wzs/lib/Cake/Routing/Dispatcher.php(161): Dispatcher->_invoke(Object(AdminController), Object(CakeRequest), Object(CakeResponse))
#2 /var/www/365wzs/app/webroot/index.php(92): Dispatcher->dispatch(Object(CakeRequest), Object(CakeResponse))
#3 {main}
2012-11-29 09:11:18 Error: [MissingActionException] Action AdminController::delcon() could not be found.
#0 /var/www/365wzs/lib/Cake/Routing/Dispatcher.php(186): Controller->invokeAction(Object(CakeRequest))
#1 /var/www/365wzs/lib/Cake/Routing/Dispatcher.php(161): Dispatcher->_invoke(Object(AdminController), Object(CakeRequest), Object(CakeResponse))
#2 /var/www/365wzs/app/webroot/index.php(92): Dispatcher->dispatch(Object(CakeRequest), Object(CakeResponse))
#3 {main}
2012-11-29 09:12:17 Error: [MissingViewException] View file "/var/www/365wzs/app/View/Admin/delcon.ctp" is missing.
#0 /var/www/365wzs/lib/Cake/View/View.php(473): View->_getViewFileName(NULL)
#1 /var/www/365wzs/lib/Cake/Controller/Controller.php(956): View->render(NULL, NULL)
#2 /var/www/365wzs/lib/Cake/Routing/Dispatcher.php(193): Controller->render()
#3 /var/www/365wzs/lib/Cake/Routing/Dispatcher.php(161): Dispatcher->_invoke(Object(AdminController), Object(CakeRequest), Object(CakeResponse))
#4 /var/www/365wzs/app/webroot/index.php(92): Dispatcher->dispatch(Object(CakeRequest), Object(CakeResponse))
#5 {main}
2012-11-29 09:17:44 Error: [PDOException] SQLSTATE[42000]: Syntax error or access violation: 1064 You have an error in your SQL syntax; check the manual that corresponds to your MySQL server version for the right syntax to use near 'del' at line 1
#0 /var/www/365wzs/lib/Cake/Model/Datasource/DboSource.php(459): PDOStatement->execute(Array)
#1 /var/www/365wzs/lib/Cake/Model/Datasource/DboSource.php(425): DboSource->_execute('del', Array)
#2 /var/www/365wzs/lib/Cake/Model/Datasource/DboSource.php(669): DboSource->execute('del', Array, Array)
#3 /var/www/365wzs/lib/Cake/Model/Datasource/DboSource.php(611): DboSource->fetchAll('del', Array, Array)
#4 /var/www/365wzs/lib/Cake/Model/Model.php(784): DboSource->query('del', Array, Object(Content))
#5 /var/www/365wzs/app/Controller/AdminController.php(62): Model->__call('del', Array)
#6 /var/www/365wzs/app/Controller/AdminController.php(62): Content->del('0')
#7 [internal function]: AdminController->delcon('0')
#8 /var/www/365wzs/lib/Cake/Controller/Controller.php(485): ReflectionMethod->invokeArgs(Object(AdminController), Array)
#9 /var/www/365wzs/lib/Cake/Routing/Dispatcher.php(186): Controller->invokeAction(Object(CakeRequest))
#10 /var/www/365wzs/lib/Cake/Routing/Dispatcher.php(161): Dispatcher->_invoke(Object(AdminController), Object(CakeRequest), Object(CakeResponse))
#11 /var/www/365wzs/app/webroot/index.php(92): Dispatcher->dispatch(Object(CakeRequest), Object(CakeResponse))
#12 {main}
2012-11-29 09:19:31 Error: [PDOException] SQLSTATE[42000]: Syntax error or access violation: 1064 You have an error in your SQL syntax; check the manual that corresponds to your MySQL server version for the right syntax to use near 'del' at line 1
#0 /var/www/365wzs/lib/Cake/Model/Datasource/DboSource.php(459): PDOStatement->execute(Array)
#1 /var/www/365wzs/lib/Cake/Model/Datasource/DboSource.php(425): DboSource->_execute('del', Array)
#2 /var/www/365wzs/lib/Cake/Model/Datasource/DboSource.php(669): DboSource->execute('del', Array, Array)
#3 /var/www/365wzs/lib/Cake/Model/Datasource/DboSource.php(611): DboSource->fetchAll('del', Array, Array)
#4 /var/www/365wzs/lib/Cake/Model/Model.php(784): DboSource->query('del', Array, Object(Content))
#5 /var/www/365wzs/app/Controller/AdminController.php(62): Model->__call('del', Array)
#6 /var/www/365wzs/app/Controller/AdminController.php(62): Content->del('0')
#7 [internal function]: AdminController->delcon('0')
#8 /var/www/365wzs/lib/Cake/Controller/Controller.php(485): ReflectionMethod->invokeArgs(Object(AdminController), Array)
#9 /var/www/365wzs/lib/Cake/Routing/Dispatcher.php(186): Controller->invokeAction(Object(CakeRequest))
#10 /var/www/365wzs/lib/Cake/Routing/Dispatcher.php(161): Dispatcher->_invoke(Object(AdminController), Object(CakeRequest), Object(CakeResponse))
#11 /var/www/365wzs/app/webroot/index.php(92): Dispatcher->dispatch(Object(CakeRequest), Object(CakeResponse))
#12 {main}
2012-11-29 09:19:33 Error: [PDOException] SQLSTATE[42000]: Syntax error or access violation: 1064 You have an error in your SQL syntax; check the manual that corresponds to your MySQL server version for the right syntax to use near 'del' at line 1
#0 /var/www/365wzs/lib/Cake/Model/Datasource/DboSource.php(459): PDOStatement->execute(Array)
#1 /var/www/365wzs/lib/Cake/Model/Datasource/DboSource.php(425): DboSource->_execute('del', Array)
#2 /var/www/365wzs/lib/Cake/Model/Datasource/DboSource.php(669): DboSource->execute('del', Array, Array)
#3 /var/www/365wzs/lib/Cake/Model/Datasource/DboSource.php(611): DboSource->fetchAll('del', Array, Array)
#4 /var/www/365wzs/lib/Cake/Model/Model.php(784): DboSource->query('del', Array, Object(Content))
#5 /var/www/365wzs/app/Controller/AdminController.php(62): Model->__call('del', Array)
#6 /var/www/365wzs/app/Controller/AdminController.php(62): Content->del('0')
#7 [internal function]: AdminController->delcon('0')
#8 /var/www/365wzs/lib/Cake/Controller/Controller.php(485): ReflectionMethod->invokeArgs(Object(AdminController), Array)
#9 /var/www/365wzs/lib/Cake/Routing/Dispatcher.php(186): Controller->invokeAction(Object(CakeRequest))
#10 /var/www/365wzs/lib/Cake/Routing/Dispatcher.php(161): Dispatcher->_invoke(Object(AdminController), Object(CakeRequest), Object(CakeResponse))
#11 /var/www/365wzs/app/webroot/index.php(92): Dispatcher->dispatch(Object(CakeRequest), Object(CakeResponse))
#12 {main}
2012-11-29 09:24:47 Error: Fatal Error (1): Call to undefined method AdminController::asscon() in [/var/www/365wzs/app/Controller/AdminController.php, line 43]
2012-11-29 09:24:47 Error: [FatalErrorException] Call to undefined method AdminController::asscon()
#0 /var/www/365wzs/lib/Cake/Error/ErrorHandler.php(161): ErrorHandler::handleFatalError(1, 'Call to undefin...', '/var/www/365wzs...', 43)
#1 [internal function]: ErrorHandler::handleError(1, 'Call to undefin...', '/var/www/365wzs...', 43, Array)
#2 /var/www/365wzs/lib/Cake/Core/App.php(926): call_user_func('ErrorHandler::h...', 1, 'Call to undefin...', '/var/www/365wzs...', 43, Array)
#3 /var/www/365wzs/lib/Cake/Core/App.php(899): App::_checkFatalError()
#4 [internal function]: App::shutdown()
#5 {main}
2012-11-29 09:26:46 Error: [MissingViewException] View file "/var/www/365wzs/app/View/Admin/search.ctp" is missing.
#0 /var/www/365wzs/lib/Cake/View/View.php(473): View->_getViewFileName(NULL)
#1 /var/www/365wzs/lib/Cake/Controller/Controller.php(956): View->render(NULL, NULL)
#2 /var/www/365wzs/lib/Cake/Routing/Dispatcher.php(193): Controller->render()
#3 /var/www/365wzs/lib/Cake/Routing/Dispatcher.php(161): Dispatcher->_invoke(Object(AdminController), Object(CakeRequest), Object(CakeResponse))
#4 /var/www/365wzs/app/webroot/index.php(92): Dispatcher->dispatch(Object(CakeRequest), Object(CakeResponse))
#5 {main}
2012-11-29 09:49:25 Error: [MissingActionException] Action AdminController::ite() could not be found.
#0 /var/www/365wzs/lib/Cake/Routing/Dispatcher.php(186): Controller->invokeAction(Object(CakeRequest))
#1 /var/www/365wzs/lib/Cake/Routing/Dispatcher.php(161): Dispatcher->_invoke(Object(AdminController), Object(CakeRequest), Object(CakeResponse))
#2 /var/www/365wzs/app/webroot/index.php(92): Dispatcher->dispatch(Object(CakeRequest), Object(CakeResponse))
#3 {main}
2012-11-29 09:49:29 Error: [MissingViewException] View file "/var/www/365wzs/app/View/Admin/item.ctp" is missing.
#0 /var/www/365wzs/lib/Cake/View/View.php(473): View->_getViewFileName(NULL)
#1 /var/www/365wzs/lib/Cake/Controller/Controller.php(956): View->render(NULL, NULL)
#2 /var/www/365wzs/lib/Cake/Routing/Dispatcher.php(193): Controller->render()
#3 /var/www/365wzs/lib/Cake/Routing/Dispatcher.php(161): Dispatcher->_invoke(Object(AdminController), Object(CakeRequest), Object(CakeResponse))
#4 /var/www/365wzs/app/webroot/index.php(92): Dispatcher->dispatch(Object(CakeRequest), Object(CakeResponse))
#5 {main}
2012-11-29 10:01:34 Error: Fatal Error (1): Call to undefined method TaobaokeItemsGetRequest::setNumiid() in [/var/www/365wzs/app/Vendor/TopApi.php, line 24]
2012-11-29 10:01:34 Error: [FatalErrorException] Call to undefined method TaobaokeItemsGetRequest::setNumiid()
#0 /var/www/365wzs/lib/Cake/Error/ErrorHandler.php(161): ErrorHandler::handleFatalError(1, 'Call to undefin...', '/var/www/365wzs...', 24)
#1 [internal function]: ErrorHandler::handleError(1, 'Call to undefin...', '/var/www/365wzs...', 24, Array)
#2 /var/www/365wzs/lib/Cake/Core/App.php(926): call_user_func('ErrorHandler::h...', 1, 'Call to undefin...', '/var/www/365wzs...', 24, Array)
#3 /var/www/365wzs/lib/Cake/Core/App.php(899): App::_checkFatalError()
#4 [internal function]: App::shutdown()
#5 {main}
2012-11-29 10:29:46 Error: Fatal Error (1): Call to undefined method TopApi::fetchurl() in [/var/www/365wzs/app/Controller/AdminController.php, line 34]
2012-11-29 10:29:46 Error: [FatalErrorException] Call to undefined method TopApi::fetchurl()
#0 /var/www/365wzs/lib/Cake/Error/ErrorHandler.php(161): ErrorHandler::handleFatalError(1, 'Call to undefin...', '/var/www/365wzs...', 34)
#1 [internal function]: ErrorHandler::handleError(1, 'Call to undefin...', '/var/www/365wzs...', 34, Array)
#2 /var/www/365wzs/lib/Cake/Core/App.php(926): call_user_func('ErrorHandler::h...', 1, 'Call to undefin...', '/var/www/365wzs...', 34, Array)
#3 /var/www/365wzs/lib/Cake/Core/App.php(899): App::_checkFatalError()
#4 [internal function]: App::shutdown()
#5 {main}
2012-11-29 11:16:26 Error: Fatal Error (4): syntax error, unexpected T_LNUMBER, expecting T_STRING or T_VARIABLE or '{' or '$' in [/var/www/365wzs/app/Vendor/TopApi.php, line 153]
2012-11-29 11:16:26 Error: [FatalErrorException] syntax error, unexpected T_LNUMBER, expecting T_STRING or T_VARIABLE or '{' or '$'
#0 /var/www/365wzs/lib/Cake/Error/ErrorHandler.php(161): ErrorHandler::handleFatalError(4, 'syntax error, u...', '/var/www/365wzs...', 153)
#1 [internal function]: ErrorHandler::handleError(4, 'syntax error, u...', '/var/www/365wzs...', 153, Array)
#2 /var/www/365wzs/lib/Cake/Core/App.php(926): call_user_func('ErrorHandler::h...', 4, 'syntax error, u...', '/var/www/365wzs...', 153, Array)
#3 /var/www/365wzs/lib/Cake/Core/App.php(899): App::_checkFatalError()
#4 [internal function]: App::shutdown()
#5 {main}
2012-11-29 11:34:21 Error: Fatal Error (1): Call to a member function setFlash() on a non-object in [/var/www/365wzs/app/Vendor/TopApi.php, line 114]
2012-11-29 11:34:21 Error: [FatalErrorException] Call to a member function setFlash() on a non-object
#0 /var/www/365wzs/lib/Cake/Error/ErrorHandler.php(161): ErrorHandler::handleFatalError(1, 'Call to a membe...', '/var/www/365wzs...', 114)
#1 [internal function]: ErrorHandler::handleError(1, 'Call to a membe...', '/var/www/365wzs...', 114, Array)
#2 /var/www/365wzs/lib/Cake/Core/App.php(926): call_user_func('ErrorHandler::h...', 1, 'Call to a membe...', '/var/www/365wzs...', 114, Array)
#3 /var/www/365wzs/lib/Cake/Core/App.php(899): App::_checkFatalError()
#4 [internal function]: App::shutdown()
#5 {main}
2012-11-29 11:34:50 Error: Fatal Error (1): Call to a member function setFlash() on a non-object in [/var/www/365wzs/app/Vendor/TopApi.php, line 114]
2012-11-29 11:34:50 Error: [FatalErrorException] Call to a member function setFlash() on a non-object
#0 /var/www/365wzs/lib/Cake/Error/ErrorHandler.php(161): ErrorHandler::handleFatalError(1, 'Call to a membe...', '/var/www/365wzs...', 114)
#1 [internal function]: ErrorHandler::handleError(1, 'Call to a membe...', '/var/www/365wzs...', 114, Array)
#2 /var/www/365wzs/lib/Cake/Core/App.php(926): call_user_func('ErrorHandler::h...', 1, 'Call to a membe...', '/var/www/365wzs...', 114, Array)
#3 /var/www/365wzs/lib/Cake/Core/App.php(899): App::_checkFatalError()
#4 [internal function]: App::shutdown()
#5 {main}
2012-11-29 11:34:56 Error: Fatal Error (1): Call to a member function setFlash() on a non-object in [/var/www/365wzs/app/Vendor/TopApi.php, line 114]
2012-11-29 11:34:56 Error: [FatalErrorException] Call to a member function setFlash() on a non-object
#0 /var/www/365wzs/lib/Cake/Error/ErrorHandler.php(161): ErrorHandler::handleFatalError(1, 'Call to a membe...', '/var/www/365wzs...', 114)
#1 [internal function]: ErrorHandler::handleError(1, 'Call to a membe...', '/var/www/365wzs...', 114, Array)
#2 /var/www/365wzs/lib/Cake/Core/App.php(926): call_user_func('ErrorHandler::h...', 1, 'Call to a membe...', '/var/www/365wzs...', 114, Array)
#3 /var/www/365wzs/lib/Cake/Core/App.php(899): App::_checkFatalError()
#4 [internal function]: App::shutdown()
#5 {main}
2012-11-29 11:37:02 Error: Fatal Error (1): Call to undefined method TopApi::redirect() in [/var/www/365wzs/app/Vendor/TopApi.php, line 114]
2012-11-29 11:37:02 Error: [FatalErrorException] Call to undefined method TopApi::redirect()
#0 /var/www/365wzs/lib/Cake/Error/ErrorHandler.php(161): ErrorHandler::handleFatalError(1, 'Call to undefin...', '/var/www/365wzs...', 114)
#1 [internal function]: ErrorHandler::handleError(1, 'Call to undefin...', '/var/www/365wzs...', 114, Array)
#2 /var/www/365wzs/lib/Cake/Core/App.php(926): call_user_func('ErrorHandler::h...', 1, 'Call to undefin...', '/var/www/365wzs...', 114, Array)
#3 /var/www/365wzs/lib/Cake/Core/App.php(899): App::_checkFatalError()
#4 [internal function]: App::shutdown()
#5 {main}
2012-11-29 11:37:32 Error: [InvalidArgumentException] The eventKey variable is required
#0 /var/www/365wzs/lib/Cake/Controller/Controller.php(652): CakeEventManager->attach(NULL)
#1 /var/www/365wzs/lib/Cake/Controller/Controller.php(760): Controller->getEventManager()
#2 /var/www/365wzs/app/Vendor/TopApi.php(114): Controller->redirect('errors')
#3 /var/www/365wzs/app/Controller/AdminController.php(36): TopApi->fetch(0)
#4 [internal function]: AdminController->item('7857187495')
#5 /var/www/365wzs/lib/Cake/Controller/Controller.php(485): ReflectionMethod->invokeArgs(Object(AdminController), Array)
#6 /var/www/365wzs/lib/Cake/Routing/Dispatcher.php(186): Controller->invokeAction(Object(CakeRequest))
#7 /var/www/365wzs/lib/Cake/Routing/Dispatcher.php(161): Dispatcher->_invoke(Object(AdminController), Object(CakeRequest), Object(CakeResponse))
#8 /var/www/365wzs/app/webroot/index.php(92): Dispatcher->dispatch(Object(CakeRequest), Object(CakeResponse))
#9 {main}
2012-11-29 11:37:49 Error: [InvalidArgumentException] The eventKey variable is required
#0 /var/www/365wzs/lib/Cake/Controller/Controller.php(652): CakeEventManager->attach(NULL)
#1 /var/www/365wzs/lib/Cake/Controller/Controller.php(760): Controller->getEventManager()
#2 /var/www/365wzs/app/Vendor/TopApi.php(114): Controller->redirect('errors')
#3 /var/www/365wzs/app/Controller/AdminController.php(36): TopApi->fetch(0)
#4 [internal function]: AdminController->item('7857187495')
#5 /var/www/365wzs/lib/Cake/Controller/Controller.php(485): ReflectionMethod->invokeArgs(Object(AdminController), Array)
#6 /var/www/365wzs/lib/Cake/Routing/Dispatcher.php(186): Controller->invokeAction(Object(CakeRequest))
#7 /var/www/365wzs/lib/Cake/Routing/Dispatcher.php(161): Dispatcher->_invoke(Object(AdminController), Object(CakeRequest), Object(CakeResponse))
#8 /var/www/365wzs/app/webroot/index.php(92): Dispatcher->dispatch(Object(CakeRequest), Object(CakeResponse))
#9 {main}
2012-11-29 11:42:44 Error: Fatal Error (4): syntax error, unexpected T_OBJECT_OPERATOR in [/var/www/365wzs/app/Controller/AdminController.php, line 44]
2012-11-29 11:42:44 Error: [FatalErrorException] syntax error, unexpected T_OBJECT_OPERATOR
#0 /var/www/365wzs/lib/Cake/Error/ErrorHandler.php(161): ErrorHandler::handleFatalError(4, 'syntax error, u...', '/var/www/365wzs...', 44)
#1 [internal function]: ErrorHandler::handleError(4, 'syntax error, u...', '/var/www/365wzs...', 44, Array)
#2 /var/www/365wzs/lib/Cake/Core/App.php(926): call_user_func('ErrorHandler::h...', 4, 'syntax error, u...', '/var/www/365wzs...', 44, Array)
#3 /var/www/365wzs/lib/Cake/Core/App.php(899): App::_checkFatalError()
#4 [internal function]: App::shutdown()
#5 {main}
2012-11-29 11:43:16 Error: [MissingActionException] Action AdminController::error() could not be found.
#0 /var/www/365wzs/lib/Cake/Routing/Dispatcher.php(186): Controller->invokeAction(Object(CakeRequest))
#1 /var/www/365wzs/lib/Cake/Routing/Dispatcher.php(161): Dispatcher->_invoke(Object(AdminController), Object(CakeRequest), Object(CakeResponse))
#2 /var/www/365wzs/app/webroot/index.php(92): Dispatcher->dispatch(Object(CakeRequest), Object(CakeResponse))
#3 {main}
2012-11-29 11:43:44 Error: [MissingActionException] Action AdminController::error() could not be found.
#0 /var/www/365wzs/lib/Cake/Routing/Dispatcher.php(186): Controller->invokeAction(Object(CakeRequest))
#1 /var/www/365wzs/lib/Cake/Routing/Dispatcher.php(161): Dispatcher->_invoke(Object(AdminController), Object(CakeRequest), Object(CakeResponse))
#2 /var/www/365wzs/app/webroot/index.php(92): Dispatcher->dispatch(Object(CakeRequest), Object(CakeResponse))
#3 {main}
2012-11-29 11:43:48 Error: [MissingControllerException] Controller class ErrorController could not be found.
#0 /var/www/365wzs/app/webroot/index.php(92): Dispatcher->dispatch(Object(CakeRequest), Object(CakeResponse))
#1 {main}
2012-11-29 11:43:57 Error: [MissingViewException] View file "/var/www/365wzs/app/View/Pages/error.ctp" is missing.
#0 /var/www/365wzs/lib/Cake/View/View.php(473): View->_getViewFileName('error')
#1 /var/www/365wzs/lib/Cake/Controller/Controller.php(956): View->render('error', NULL)
#2 /var/www/365wzs/app/Controller/PagesController.php(73): Controller->render('error')
#3 [internal function]: PagesController->display('error')
#4 /var/www/365wzs/lib/Cake/Controller/Controller.php(485): ReflectionMethod->invokeArgs(Object(PagesController), Array)
#5 /var/www/365wzs/lib/Cake/Routing/Dispatcher.php(186): Controller->invokeAction(Object(CakeRequest))
#6 /var/www/365wzs/lib/Cake/Routing/Dispatcher.php(161): Dispatcher->_invoke(Object(PagesController), Object(CakeRequest), Object(CakeResponse))
#7 /var/www/365wzs/app/webroot/index.php(92): Dispatcher->dispatch(Object(CakeRequest), Object(CakeResponse))
#8 {main}
2012-11-29 11:47:11 Error: [MissingViewException] View file "/var/www/365wzs/app/View/Pages/error.ctp" is missing.
#0 /var/www/365wzs/lib/Cake/View/View.php(473): View->_getViewFileName('error')
#1 /var/www/365wzs/lib/Cake/Controller/Controller.php(956): View->render('error', NULL)
#2 /var/www/365wzs/app/Controller/PagesController.php(73): Controller->render('error')
#3 [internal function]: PagesController->display('error')
#4 /var/www/365wzs/lib/Cake/Controller/Controller.php(485): ReflectionMethod->invokeArgs(Object(PagesController), Array)
#5 /var/www/365wzs/lib/Cake/Routing/Dispatcher.php(186): Controller->invokeAction(Object(CakeRequest))
#6 /var/www/365wzs/lib/Cake/Routing/Dispatcher.php(161): Dispatcher->_invoke(Object(PagesController), Object(CakeRequest), Object(CakeResponse))
#7 /var/www/365wzs/app/webroot/index.php(92): Dispatcher->dispatch(Object(CakeRequest), Object(CakeResponse))
#8 {main}
2012-11-29 12:56:21 Error: Fatal Error (4): syntax error, unexpected ';' in [/var/www/365wzs/app/Controller/AdminController.php, line 32]
2012-11-29 12:56:21 Error: [FatalErrorException] syntax error, unexpected ';'
#0 /var/www/365wzs/lib/Cake/Error/ErrorHandler.php(161): ErrorHandler::handleFatalError(4, 'syntax error, u...', '/var/www/365wzs...', 32)
#1 [internal function]: ErrorHandler::handleError(4, 'syntax error, u...', '/var/www/365wzs...', 32, Array)
#2 /var/www/365wzs/lib/Cake/Core/App.php(926): call_user_func('ErrorHandler::h...', 4, 'syntax error, u...', '/var/www/365wzs...', 32, Array)
#3 /var/www/365wzs/lib/Cake/Core/App.php(899): App::_checkFatalError()
#4 [internal function]: App::shutdown()
#5 {main}
2012-11-29 14:01:02 Error: Fatal Error (4): syntax error, unexpected ';' in [/var/www/365wzs/app/Controller/AdminController.php, line 39]
2012-11-29 14:01:02 Error: [FatalErrorException] syntax error, unexpected ';'
#0 /var/www/365wzs/lib/Cake/Error/ErrorHandler.php(161): ErrorHandler::handleFatalError(4, 'syntax error, u...', '/var/www/365wzs...', 39)
#1 [internal function]: ErrorHandler::handleError(4, 'syntax error, u...', '/var/www/365wzs...', 39, Array)
#2 /var/www/365wzs/lib/Cake/Core/App.php(926): call_user_func('ErrorHandler::h...', 4, 'syntax error, u...', '/var/www/365wzs...', 39, Array)
#3 /var/www/365wzs/lib/Cake/Core/App.php(899): App::_checkFatalError()
#4 [internal function]: App::shutdown()
#5 {main}
2012-11-29 14:11:40 Error: Fatal Error (4): syntax error, unexpected '[' in [/var/www/365wzs/app/Controller/AdminController.php, line 39]
2012-11-29 14:11:40 Error: [FatalErrorException] syntax error, unexpected '['
#0 /var/www/365wzs/lib/Cake/Error/ErrorHandler.php(161): ErrorHandler::handleFatalError(4, 'syntax error, u...', '/var/www/365wzs...', 39)
#1 [internal function]: ErrorHandler::handleError(4, 'syntax error, u...', '/var/www/365wzs...', 39, Array)
#2 /var/www/365wzs/lib/Cake/Core/App.php(926): call_user_func('ErrorHandler::h...', 4, 'syntax error, u...', '/var/www/365wzs...', 39, Array)
#3 /var/www/365wzs/lib/Cake/Core/App.php(899): App::_checkFatalError()
#4 [internal function]: App::shutdown()
#5 {main}
2012-11-29 14:14:24 Error: Fatal Error (1): Call to a member function save() on a non-object in [/var/www/365wzs/app/Controller/AdminController.php, line 39]
2012-11-29 14:14:24 Error: [FatalErrorException] Call to a member function save() on a non-object
#0 /var/www/365wzs/lib/Cake/Error/ErrorHandler.php(161): ErrorHandler::handleFatalError(1, 'Call to a membe...', '/var/www/365wzs...', 39)
#1 [internal function]: ErrorHandler::handleError(1, 'Call to a membe...', '/var/www/365wzs...', 39, Array)
#2 /var/www/365wzs/lib/Cake/Core/App.php(926): call_user_func('ErrorHandler::h...', 1, 'Call to a membe...', '/var/www/365wzs...', 39, Array)
#3 /var/www/365wzs/lib/Cake/Core/App.php(899): App::_checkFatalError()
#4 [internal function]: App::shutdown()
#5 {main}
2012-11-29 14:15:45 Error: [MissingControllerException] Controller class ItemsController could not be found.
#0 /var/www/365wzs/app/webroot/index.php(92): Dispatcher->dispatch(Object(CakeRequest), Object(CakeResponse))
#1 {main}
2012-11-29 14:15:50 Error: [MissingControllerException] Controller class ItemController could not be found.
#0 /var/www/365wzs/app/webroot/index.php(92): Dispatcher->dispatch(Object(CakeRequest), Object(CakeResponse))
#1 {main}
2012-11-29 19:42:17 Error: [MissingViewException] View file "/var/www/365wzs/app/View/Admin/itemsadd.ctp" is missing.
#0 /var/www/365wzs/lib/Cake/View/View.php(473): View->_getViewFileName(NULL)
#1 /var/www/365wzs/lib/Cake/Controller/Controller.php(956): View->render(NULL, NULL)
#2 /var/www/365wzs/lib/Cake/Routing/Dispatcher.php(193): Controller->render()
#3 /var/www/365wzs/lib/Cake/Routing/Dispatcher.php(161): Dispatcher->_invoke(Object(AdminController), Object(CakeRequest), Object(CakeResponse))
#4 /var/www/365wzs/app/webroot/index.php(92): Dispatcher->dispatch(Object(CakeRequest), Object(CakeResponse))
#5 {main}
2012-11-29 19:42:34 Error: [MissingViewException] View file "/var/www/365wzs/app/View/Admin/itemsadd.ctp" is missing.
#0 /var/www/365wzs/lib/Cake/View/View.php(473): View->_getViewFileName(NULL)
#1 /var/www/365wzs/lib/Cake/Controller/Controller.php(956): View->render(NULL, NULL)
#2 /var/www/365wzs/lib/Cake/Routing/Dispatcher.php(193): Controller->render()
#3 /var/www/365wzs/lib/Cake/Routing/Dispatcher.php(161): Dispatcher->_invoke(Object(AdminController), Object(CakeRequest), Object(CakeResponse))
#4 /var/www/365wzs/app/webroot/index.php(92): Dispatcher->dispatch(Object(CakeRequest), Object(CakeResponse))
#5 {main}
2012-11-29 19:42:50 Error: [MissingViewException] View file "/var/www/365wzs/app/View/Admin/items_add.ctp" is missing.
#0 /var/www/365wzs/lib/Cake/View/View.php(473): View->_getViewFileName(NULL)
#1 /var/www/365wzs/lib/Cake/Controller/Controller.php(956): View->render(NULL, NULL)
#2 /var/www/365wzs/lib/Cake/Routing/Dispatcher.php(193): Controller->render()
#3 /var/www/365wzs/lib/Cake/Routing/Dispatcher.php(161): Dispatcher->_invoke(Object(AdminController), Object(CakeRequest), Object(CakeResponse))
#4 /var/www/365wzs/app/webroot/index.php(92): Dispatcher->dispatch(Object(CakeRequest), Object(CakeResponse))
#5 {main}
2012-11-29 19:43:10 Error: [MissingViewException] View file "/var/www/365wzs/app/View/Admin/itemsadd.ctp" is missing.
#0 /var/www/365wzs/lib/Cake/View/View.php(473): View->_getViewFileName(NULL)
#1 /var/www/365wzs/lib/Cake/Controller/Controller.php(956): View->render(NULL, NULL)
#2 /var/www/365wzs/lib/Cake/Routing/Dispatcher.php(193): Controller->render()
#3 /var/www/365wzs/lib/Cake/Routing/Dispatcher.php(161): Dispatcher->_invoke(Object(AdminController), Object(CakeRequest), Object(CakeResponse))
#4 /var/www/365wzs/app/webroot/index.php(92): Dispatcher->dispatch(Object(CakeRequest), Object(CakeResponse))
#5 {main}
2012-11-29 20:09:36 Error: Fatal Error (4): syntax error, unexpected ';' in [/var/www/365wzs/app/Controller/AdminController.php, line 40]
2012-11-29 20:09:36 Error: [FatalErrorException] syntax error, unexpected ';'
#0 /var/www/365wzs/lib/Cake/Error/ErrorHandler.php(161): ErrorHandler::handleFatalError(4, 'syntax error, u...', '/var/www/365wzs...', 40)
#1 [internal function]: ErrorHandler::handleError(4, 'syntax error, u...', '/var/www/365wzs...', 40, Array)
#2 /var/www/365wzs/lib/Cake/Core/App.php(926): call_user_func('ErrorHandler::h...', 4, 'syntax error, u...', '/var/www/365wzs...', 40, Array)
#3 /var/www/365wzs/lib/Cake/Core/App.php(899): App::_checkFatalError()
#4 [internal function]: App::shutdown()
#5 {main}
2012-11-29 20:17:52 Error: Fatal Error (64): Cannot redeclare class Lotus in [/var/www/365wzs/app/Vendor/TopApi/lotusphp_runtime/Lotus.php, line 3]
2012-11-29 20:17:52 Error: [FatalErrorException] Cannot redeclare class Lotus
#0 /var/www/365wzs/lib/Cake/Error/ErrorHandler.php(161): ErrorHandler::handleFatalError(64, 'Cannot redeclar...', '/var/www/365wzs...', 3)
#1 [internal function]: ErrorHandler::handleError(64, 'Cannot redeclar...', '/var/www/365wzs...', 3, Array)
#2 /var/www/365wzs/lib/Cake/Core/App.php(926): call_user_func('ErrorHandler::h...', 64, 'Cannot redeclar...', '/var/www/365wzs...', 3, Array)
#3 /var/www/365wzs/lib/Cake/Core/App.php(899): App::_checkFatalError()
#4 [internal function]: App::shutdown()
#5 {main}
2012-11-29 20:21:05 Error: Fatal Error (64): Cannot redeclare class Lotus in [/var/www/365wzs/app/Vendor/TopApi/lotusphp_runtime/Lotus.php, line 3]
2012-11-29 20:21:05 Error: [FatalErrorException] Cannot redeclare class Lotus
#0 /var/www/365wzs/lib/Cake/Error/ErrorHandler.php(161): ErrorHandler::handleFatalError(64, 'Cannot redeclar...', '/var/www/365wzs...', 3)
#1 [internal function]: ErrorHandler::handleError(64, 'Cannot redeclar...', '/var/www/365wzs...', 3, Array)
#2 /var/www/365wzs/lib/Cake/Core/App.php(926): call_user_func('ErrorHandler::h...', 64, 'Cannot redeclar...', '/var/www/365wzs...', 3, Array)
#3 /var/www/365wzs/lib/Cake/Core/App.php(899): App::_checkFatalError()
#4 [internal function]: App::shutdown()
#5 {main}
2012-11-29 20:30:08 Error: Fatal Error (64): Cannot redeclare class Lotus in [/var/www/365wzs/app/Vendor/TopApi/lotusphp_runtime/Lotus.php, line 3]
2012-11-29 20:30:08 Error: [FatalErrorException] Cannot redeclare class Lotus
#0 /var/www/365wzs/lib/Cake/Error/ErrorHandler.php(161): ErrorHandler::handleFatalError(64, 'Cannot redeclar...', '/var/www/365wzs...', 3)
#1 [internal function]: ErrorHandler::handleError(64, 'Cannot redeclar...', '/var/www/365wzs...', 3, Array)
#2 /var/www/365wzs/lib/Cake/Core/App.php(926): call_user_func('ErrorHandler::h...', 64, 'Cannot redeclar...', '/var/www/365wzs...', 3, Array)
#3 /var/www/365wzs/lib/Cake/Core/App.php(899): App::_checkFatalError()
#4 [internal function]: App::shutdown()
#5 {main}
2012-11-29 20:30:17 Error: Fatal Error (64): Cannot redeclare class Lotus in [/var/www/365wzs/app/Vendor/TopApi/lotusphp_runtime/Lotus.php, line 3]
2012-11-29 20:30:17 Error: [FatalErrorException] Cannot redeclare class Lotus
#0 /var/www/365wzs/lib/Cake/Error/ErrorHandler.php(161): ErrorHandler::handleFatalError(64, 'Cannot redeclar...', '/var/www/365wzs...', 3)
#1 [internal function]: ErrorHandler::handleError(64, 'Cannot redeclar...', '/var/www/365wzs...', 3, Array)
#2 /var/www/365wzs/lib/Cake/Core/App.php(926): call_user_func('ErrorHandler::h...', 64, 'Cannot redeclar...', '/var/www/365wzs...', 3, Array)
#3 /var/www/365wzs/lib/Cake/Core/App.php(899): App::_checkFatalError()
#4 [internal function]: App::shutdown()
#5 {main}
2012-11-29 20:37:34 Error: Fatal Error (4): syntax error, unexpected '{' in [/var/www/365wzs/app/Controller/AdminController.php, line 47]
2012-11-29 20:37:34 Error: [FatalErrorException] syntax error, unexpected '{'
#0 /var/www/365wzs/lib/Cake/Error/ErrorHandler.php(161): ErrorHandler::handleFatalError(4, 'syntax error, u...', '/var/www/365wzs...', 47)
#1 [internal function]: ErrorHandler::handleError(4, 'syntax error, u...', '/var/www/365wzs...', 47, Array)
#2 /var/www/365wzs/lib/Cake/Core/App.php(926): call_user_func('ErrorHandler::h...', 4, 'syntax error, u...', '/var/www/365wzs...', 47, Array)
#3 /var/www/365wzs/lib/Cake/Core/App.php(899): App::_checkFatalError()
#4 [internal function]: App::shutdown()
#5 {main}
2012-11-29 21:56:41 Error: Fatal Error (4): syntax error, unexpected ';' in [/var/www/365wzs/app/Controller/AdminController.php, line 60]
2012-11-29 21:56:41 Error: [FatalErrorException] syntax error, unexpected ';'
#0 /var/www/365wzs/lib/Cake/Error/ErrorHandler.php(161): ErrorHandler::handleFatalError(4, 'syntax error, u...', '/var/www/365wzs...', 60)
#1 [internal function]: ErrorHandler::handleError(4, 'syntax error, u...', '/var/www/365wzs...', 60, Array)
#2 /var/www/365wzs/lib/Cake/Core/App.php(926): call_user_func('ErrorHandler::h...', 4, 'syntax error, u...', '/var/www/365wzs...', 60, Array)
#3 /var/www/365wzs/lib/Cake/Core/App.php(899): App::_checkFatalError()
#4 [internal function]: App::shutdown()
#5 {main}
2012-11-29 21:59:35 Error: [MissingActionException] Action AdminController::<pre class=() could not be found.
#0 /var/www/365wzs/lib/Cake/Routing/Dispatcher.php(186): Controller->invokeAction(Object(CakeRequest))
#1 /var/www/365wzs/lib/Cake/Routing/Dispatcher.php(161): Dispatcher->_invoke(Object(AdminController), Object(CakeRequest), Object(CakeResponse))
#2 /var/www/365wzs/app/webroot/index.php(92): Dispatcher->dispatch(Object(CakeRequest), Object(CakeResponse))
#3 {main}
2012-11-29 22:00:07 Error: [MissingActionException] Action AdminController::<pre class=() could not be found.
#0 /var/www/365wzs/lib/Cake/Routing/Dispatcher.php(186): Controller->invokeAction(Object(CakeRequest))
#1 /var/www/365wzs/lib/Cake/Routing/Dispatcher.php(161): Dispatcher->_invoke(Object(AdminController), Object(CakeRequest), Object(CakeResponse))
#2 /var/www/365wzs/app/webroot/index.php(92): Dispatcher->dispatch(Object(CakeRequest), Object(CakeResponse))
#3 {main}
2012-11-29 22:01:26 Error: Fatal Error (4): syntax error, unexpected '[', expecting ']' in [/var/www/365wzs/app/View/Admin/itemslist.ctp, line 21]
2012-11-29 22:01:26 Error: [FatalErrorException] syntax error, unexpected '[', expecting ']'
#0 /var/www/365wzs/lib/Cake/Error/ErrorHandler.php(161): ErrorHandler::handleFatalError(4, 'syntax error, u...', '/var/www/365wzs...', 21)
#1 [internal function]: ErrorHandler::handleError(4, 'syntax error, u...', '/var/www/365wzs...', 21, Array)
#2 /var/www/365wzs/lib/Cake/Core/App.php(926): call_user_func('ErrorHandler::h...', 4, 'syntax error, u...', '/var/www/365wzs...', 21, Array)
#3 /var/www/365wzs/lib/Cake/Core/App.php(899): App::_checkFatalError()
#4 [internal function]: App::shutdown()
#5 {main}
2012-11-29 22:02:22 Error: [MissingActionException] Action AdminController::<pre class=() could not be found.
#0 /var/www/365wzs/lib/Cake/Routing/Dispatcher.php(186): Controller->invokeAction(Object(CakeRequest))
#1 /var/www/365wzs/lib/Cake/Routing/Dispatcher.php(161): Dispatcher->_invoke(Object(AdminController), Object(CakeRequest), Object(CakeResponse))
#2 /var/www/365wzs/app/webroot/index.php(92): Dispatcher->dispatch(Object(CakeRequest), Object(CakeResponse))
#3 {main}
2012-12-09 11:32:34 Error: [MissingConnectionException] Database connection "Mysql" is missing, or could not be created.
#0 /Users/Aquietzero/Sites/365wzs/lib/Cake/Model/Datasource/DboSource.php(261): Mysql->connect()
#1 /Users/Aquietzero/Sites/365wzs/lib/Cake/Model/ConnectionManager.php(101): DboSource->__construct(Array)
#2 /Users/Aquietzero/Sites/365wzs/lib/Cake/Model/Model.php(3157): ConnectionManager::getDataSource('default')
#3 /Users/Aquietzero/Sites/365wzs/lib/Cake/Model/Model.php(1092): Model->setDataSource('default')
#4 /Users/Aquietzero/Sites/365wzs/lib/Cake/Model/Model.php(3179): Model->setSource('items')
#5 /Users/Aquietzero/Sites/365wzs/lib/Cake/Model/Model.php(2630): Model->getDataSource()
#6 /Users/Aquietzero/Sites/365wzs/app/Controller/MainController.php(6): Model->find('all')
#7 [internal function]: MainController->index()
#8 /Users/Aquietzero/Sites/365wzs/lib/Cake/Controller/Controller.php(485): ReflectionMethod->invokeArgs(Object(MainController), Array)
#9 /Users/Aquietzero/Sites/365wzs/lib/Cake/Routing/Dispatcher.php(186): Controller->invokeAction(Object(CakeRequest))
#10 /Users/Aquietzero/Sites/365wzs/lib/Cake/Routing/Dispatcher.php(161): Dispatcher->_invoke(Object(MainController), Object(CakeRequest), Object(CakeResponse))
#11 /Users/Aquietzero/Sites/365wzs/app/webroot/index.php(92): Dispatcher->dispatch(Object(CakeRequest), Object(CakeResponse))
#12 /Users/Aquietzero/Sites/365wzs/index.php(42): require('/Users/Aquietze...')
#13 {main}
2012-12-09 11:32:35 Error: [MissingConnectionException] Database connection "Mysql" is missing, or could not be created.
#0 /Users/Aquietzero/Sites/365wzs/lib/Cake/Model/Datasource/DboSource.php(261): Mysql->connect()
#1 /Users/Aquietzero/Sites/365wzs/lib/Cake/Model/ConnectionManager.php(101): DboSource->__construct(Array)
#2 /Users/Aquietzero/Sites/365wzs/lib/Cake/Model/Model.php(3157): ConnectionManager::getDataSource('default')
#3 /Users/Aquietzero/Sites/365wzs/lib/Cake/Model/Model.php(1092): Model->setDataSource('default')
#4 /Users/Aquietzero/Sites/365wzs/lib/Cake/Model/Model.php(3179): Model->setSource('items')
#5 /Users/Aquietzero/Sites/365wzs/lib/Cake/Model/Model.php(2630): Model->getDataSource()
#6 /Users/Aquietzero/Sites/365wzs/app/Controller/MainController.php(6): Model->find('all')
#7 [internal function]: MainController->index()
#8 /Users/Aquietzero/Sites/365wzs/lib/Cake/Controller/Controller.php(485): ReflectionMethod->invokeArgs(Object(MainController), Array)
#9 /Users/Aquietzero/Sites/365wzs/lib/Cake/Routing/Dispatcher.php(186): Controller->invokeAction(Object(CakeRequest))
#10 /Users/Aquietzero/Sites/365wzs/lib/Cake/Routing/Dispatcher.php(161): Dispatcher->_invoke(Object(MainController), Object(CakeRequest), Object(CakeResponse))
#11 /Users/Aquietzero/Sites/365wzs/app/webroot/index.php(92): Dispatcher->dispatch(Object(CakeRequest), Object(CakeResponse))
#12 /Users/Aquietzero/Sites/365wzs/index.php(42): require('/Users/Aquietze...')
#13 {main}
2012-12-09 11:32:48 Error: [MissingConnectionException] Database connection "Mysql" is missing, or could not be created.
#0 /Users/Aquietzero/Sites/365wzs/lib/Cake/Model/Datasource/DboSource.php(261): Mysql->connect()
#1 /Users/Aquietzero/Sites/365wzs/lib/Cake/Model/ConnectionManager.php(101): DboSource->__construct(Array)
#2 /Users/Aquietzero/Sites/365wzs/lib/Cake/Model/Model.php(3157): ConnectionManager::getDataSource('default')
#3 /Users/Aquietzero/Sites/365wzs/lib/Cake/Model/Model.php(1092): Model->setDataSource('default')
#4 /Users/Aquietzero/Sites/365wzs/lib/Cake/Model/Model.php(3179): Model->setSource('items')
#5 /Users/Aquietzero/Sites/365wzs/lib/Cake/Model/Model.php(2630): Model->getDataSource()
#6 /Users/Aquietzero/Sites/365wzs/app/Controller/MainController.php(6): Model->find('all')
#7 [internal function]: MainController->index()
#8 /Users/Aquietzero/Sites/365wzs/lib/Cake/Controller/Controller.php(485): ReflectionMethod->invokeArgs(Object(MainController), Array)
#9 /Users/Aquietzero/Sites/365wzs/lib/Cake/Routing/Dispatcher.php(186): Controller->invokeAction(Object(CakeRequest))
#10 /Users/Aquietzero/Sites/365wzs/lib/Cake/Routing/Dispatcher.php(161): Dispatcher->_invoke(Object(MainController), Object(CakeRequest), Object(CakeResponse))
#11 /Users/Aquietzero/Sites/365wzs/app/webroot/index.php(92): Dispatcher->dispatch(Object(CakeRequest), Object(CakeResponse))
#12 /Users/Aquietzero/Sites/365wzs/index.php(42): require('/Users/Aquietze...')
#13 {main}
2012-12-09 11:32:49 Error: [MissingConnectionException] Database connection "Mysql" is missing, or could not be created.
#0 /Users/Aquietzero/Sites/365wzs/lib/Cake/Model/Datasource/DboSource.php(261): Mysql->connect()
#1 /Users/Aquietzero/Sites/365wzs/lib/Cake/Model/ConnectionManager.php(101): DboSource->__construct(Array)
#2 /Users/Aquietzero/Sites/365wzs/lib/Cake/Model/Model.php(3157): ConnectionManager::getDataSource('default')
#3 /Users/Aquietzero/Sites/365wzs/lib/Cake/Model/Model.php(1092): Model->setDataSource('default')
#4 /Users/Aquietzero/Sites/365wzs/lib/Cake/Model/Model.php(3179): Model->setSource('items')
#5 /Users/Aquietzero/Sites/365wzs/lib/Cake/Model/Model.php(2630): Model->getDataSource()
#6 /Users/Aquietzero/Sites/365wzs/app/Controller/MainController.php(6): Model->find('all')
#7 [internal function]: MainController->index()
#8 /Users/Aquietzero/Sites/365wzs/lib/Cake/Controller/Controller.php(485): ReflectionMethod->invokeArgs(Object(MainController), Array)
#9 /Users/Aquietzero/Sites/365wzs/lib/Cake/Routing/Dispatcher.php(186): Controller->invokeAction(Object(CakeRequest))
#10 /Users/Aquietzero/Sites/365wzs/lib/Cake/Routing/Dispatcher.php(161): Dispatcher->_invoke(Object(MainController), Object(CakeRequest), Object(CakeResponse))
#11 /Users/Aquietzero/Sites/365wzs/app/webroot/index.php(92): Dispatcher->dispatch(Object(CakeRequest), Object(CakeResponse))
#12 /Users/Aquietzero/Sites/365wzs/index.php(42): require('/Users/Aquietze...')
#13 {main}
2012-12-09 12:09:28 Error: [MissingConnectionException] Database connection "Mysql" is missing, or could not be created.
#0 /Users/Aquietzero/Sites/365wzs/lib/Cake/Model/Datasource/DboSource.php(261): Mysql->connect()
#1 /Users/Aquietzero/Sites/365wzs/lib/Cake/Model/ConnectionManager.php(101): DboSource->__construct(Array)
#2 /Users/Aquietzero/Sites/365wzs/lib/Cake/Model/Model.php(3157): ConnectionManager::getDataSource('default')
#3 /Users/Aquietzero/Sites/365wzs/lib/Cake/Model/Model.php(1092): Model->setDataSource('default')
#4 /Users/Aquietzero/Sites/365wzs/lib/Cake/Model/Model.php(3179): Model->setSource('items')
#5 /Users/Aquietzero/Sites/365wzs/lib/Cake/Model/Model.php(2630): Model->getDataSource()
#6 /Users/Aquietzero/Sites/365wzs/app/Controller/MainController.php(6): Model->find('all')
#7 [internal function]: MainController->index()
#8 /Users/Aquietzero/Sites/365wzs/lib/Cake/Controller/Controller.php(485): ReflectionMethod->invokeArgs(Object(MainController), Array)
#9 /Users/Aquietzero/Sites/365wzs/lib/Cake/Routing/Dispatcher.php(186): Controller->invokeAction(Object(CakeRequest))
#10 /Users/Aquietzero/Sites/365wzs/lib/Cake/Routing/Dispatcher.php(161): Dispatcher->_invoke(Object(MainController), Object(CakeRequest), Object(CakeResponse))
#11 /Users/Aquietzero/Sites/365wzs/app/webroot/index.php(92): Dispatcher->dispatch(Object(CakeRequest), Object(CakeResponse))
#12 /Users/Aquietzero/Sites/365wzs/index.php(42): require('/Users/Aquietze...')
#13 {main}
2012-12-09 21:39:11 Error: [MissingActionException] Action AdminController::items() could not be found.
#0 /Users/Aquietzero/Sites/365wzs/lib/Cake/Routing/Dispatcher.php(186): Controller->invokeAction(Object(CakeRequest))
#1 /Users/Aquietzero/Sites/365wzs/lib/Cake/Routing/Dispatcher.php(161): Dispatcher->_invoke(Object(AdminController), Object(CakeRequest), Object(CakeResponse))
#2 /Users/Aquietzero/Sites/365wzs/app/webroot/index.php(92): Dispatcher->dispatch(Object(CakeRequest), Object(CakeResponse))
#3 {main}
2012-12-09 21:39:18 Error: [MissingActionException] Action AdminController::item() could not be found.
#0 /Users/Aquietzero/Sites/365wzs/lib/Cake/Routing/Dispatcher.php(186): Controller->invokeAction(Object(CakeRequest))
#1 /Users/Aquietzero/Sites/365wzs/lib/Cake/Routing/Dispatcher.php(161): Dispatcher->_invoke(Object(AdminController), Object(CakeRequest), Object(CakeResponse))
#2 /Users/Aquietzero/Sites/365wzs/app/webroot/index.php(92): Dispatcher->dispatch(Object(CakeRequest), Object(CakeResponse))
#3 {main}
2012-12-10 21:59:45 Error: Fatal Error (4): parse error, expecting `'('' in [/Users/Aquietzero/Sites/365wzs/app/View/Main/index.ctp, line 2]
2012-12-10 21:59:45 Error: [FatalErrorException] parse error, expecting `'(''
#0 /Users/Aquietzero/Sites/365wzs/lib/Cake/Error/ErrorHandler.php(161): ErrorHandler::handleFatalError(4, 'parse error, ex...', '/Users/Aquietze...', 2)
#1 [internal function]: ErrorHandler::handleError(4, 'parse error, ex...', '/Users/Aquietze...', 2, Array)
#2 /Users/Aquietzero/Sites/365wzs/lib/Cake/Core/App.php(926): call_user_func('ErrorHandler::h...', 4, 'parse error, ex...', '/Users/Aquietze...', 2, Array)
#3 /Users/Aquietzero/Sites/365wzs/lib/Cake/Core/App.php(899): App::_checkFatalError()
#4 [internal function]: App::shutdown()
#5 {main}
2012-12-10 21:59:52 Error: Fatal Error (4): parse error, expecting `'('' in [/Users/Aquietzero/Sites/365wzs/app/View/Main/index.ctp, line 2]
2012-12-10 21:59:52 Error: [FatalErrorException] parse error, expecting `'(''
#0 /Users/Aquietzero/Sites/365wzs/lib/Cake/Error/ErrorHandler.php(161): ErrorHandler::handleFatalError(4, 'parse error, ex...', '/Users/Aquietze...', 2)
#1 [internal function]: ErrorHandler::handleError(4, 'parse error, ex...', '/Users/Aquietze...', 2, Array)
#2 /Users/Aquietzero/Sites/365wzs/lib/Cake/Core/App.php(926): call_user_func('ErrorHandler::h...', 4, 'parse error, ex...', '/Users/Aquietze...', 2, Array)
#3 /Users/Aquietzero/Sites/365wzs/lib/Cake/Core/App.php(899): App::_checkFatalError()
#4 [internal function]: App::shutdown()
#5 {main}
2012-12-10 22:00:09 Error: Fatal Error (4): parse error, expecting `'('' in [/Users/Aquietzero/Sites/365wzs/app/View/Main/index.ctp, line 2]
2012-12-10 22:00:09 Error: [FatalErrorException] parse error, expecting `'(''
#0 /Users/Aquietzero/Sites/365wzs/lib/Cake/Error/ErrorHandler.php(161): ErrorHandler::handleFatalError(4, 'parse error, ex...', '/Users/Aquietze...', 2)
#1 [internal function]: ErrorHandler::handleError(4, 'parse error, ex...', '/Users/Aquietze...', 2, Array)
#2 /Users/Aquietzero/Sites/365wzs/lib/Cake/Core/App.php(926): call_user_func('ErrorHandler::h...', 4, 'parse error, ex...', '/Users/Aquietze...', 2, Array)
#3 /Users/Aquietzero/Sites/365wzs/lib/Cake/Core/App.php(899): App::_checkFatalError()
#4 [internal function]: App::shutdown()
#5 {main}
2012-12-10 22:00:18 Error: [MissingControllerException] Controller class <preClass=Controller could not be found.
#0 /Users/Aquietzero/Sites/365wzs/app/webroot/index.php(92): Dispatcher->dispatch(Object(CakeRequest), Object(CakeResponse))
#1 {main}
2012-12-10 22:00:39 Error: [MissingControllerException] Controller class <preClass=Controller could not be found.
#0 /Users/Aquietzero/Sites/365wzs/app/webroot/index.php(92): Dispatcher->dispatch(Object(CakeRequest), Object(CakeResponse))
#1 {main}
2012-12-10 22:01:08 Error: [MissingControllerException] Controller class <preClass=Controller could not be found.
#0 /Users/Aquietzero/Sites/365wzs/app/webroot/index.php(92): Dispatcher->dispatch(Object(CakeRequest), Object(CakeResponse))
#1 {main}
2012-12-10 22:01:50 Error: [MissingControllerException] Controller class <preClass=Controller could not be found.
#0 /Users/Aquietzero/Sites/365wzs/app/webroot/index.php(92): Dispatcher->dispatch(Object(CakeRequest), Object(CakeResponse))
#1 {main}
2012-12-10 22:02:09 Error: [MissingControllerException] Controller class <preClass=Controller could not be found.
#0 /Users/Aquietzero/Sites/365wzs/app/webroot/index.php(92): Dispatcher->dispatch(Object(CakeRequest), Object(CakeResponse))
#1 {main}
2012-12-10 22:02:22 Error: [MissingControllerException] Controller class <preClass=Controller could not be found.
#0 /Users/Aquietzero/Sites/365wzs/app/webroot/index.php(92): Dispatcher->dispatch(Object(CakeRequest), Object(CakeResponse))
#1 {main}
2012-12-10 22:02:37 Error: [MissingControllerException] Controller class <preClass=Controller could not be found.
#0 /Users/Aquietzero/Sites/365wzs/app/webroot/index.php(92): Dispatcher->dispatch(Object(CakeRequest), Object(CakeResponse))
#1 {main}
2012-12-10 22:03:06 Error: [MissingControllerException] Controller class <preClass=Controller could not be found.
#0 /Users/Aquietzero/Sites/365wzs/app/webroot/index.php(92): Dispatcher->dispatch(Object(CakeRequest), Object(CakeResponse))
#1 {main}
2012-12-10 22:03:08 Error: [MissingControllerException] Controller class <preClass=Controller could not be found.
#0 /Users/Aquietzero/Sites/365wzs/app/webroot/index.php(92): Dispatcher->dispatch(Object(CakeRequest), Object(CakeResponse))
#1 {main}
2012-12-10 22:03:19 Error: [MissingControllerException] Controller class <preClass=Controller could not be found.
#0 /Users/Aquietzero/Sites/365wzs/app/webroot/index.php(92): Dispatcher->dispatch(Object(CakeRequest), Object(CakeResponse))
#1 {main}
2012-12-10 22:03:37 Error: [MissingControllerException] Controller class <preClass=Controller could not be found.
#0 /Users/Aquietzero/Sites/365wzs/app/webroot/index.php(92): Dispatcher->dispatch(Object(CakeRequest), Object(CakeResponse))
#1 {main}
2012-12-10 22:03:59 Error: [MissingControllerException] Controller class <preClass=Controller could not be found.
#0 /Users/Aquietzero/Sites/365wzs/app/webroot/index.php(92): Dispatcher->dispatch(Object(CakeRequest), Object(CakeResponse))
#1 {main}
